Sites	Ll	Ll_YN98.omega_1=0.001	Ll_YN98.omega_1=1	Pr_YN98.omega_1=0.001	Pr_YN98.omega_1=1	mean
129	-3.80459	-3.73087	-5.48259	0.991965	0.00803496	0.00902693
130	-17.3897	-21.1342	-15.6564	0.0821446	0.917855	0.917938
131	-27.7576	-35.3231	-22.9418	8.98682e-05	0.99991	0.99991
132	-12.4788	-12.4216	-13.7662	0.987976	0.0120245	0.0130125
133	-30.6232	-38.1798	-25.7645	8.68608e-05	0.999913	0.999913
134	-15.0224	-14.9654	-16.3022	0.987884	0.0121164	0.0131043
135	-10.146	-10.0759	-11.7339	0.991182	0.00881756	0.00980874
136	-13.5672	-17.2691	-11.7874	0.0818504	0.91815	0.918231
137	-13.3838	-13.3272	-14.6535	0.987756	0.0122438	0.0132315
138	-22.3975	-26.042	-20.4614	0.0747169	0.925283	0.925358
139	-25.6255	-33.1088	-20.3342	6.06447e-05	0.999939	0.999939
140	-4.13721	-4.08973	-5.19416	0.984762	0.0152382	0.016223
141	-20.0138	-23.6442	-18.1693	0.0823623	0.917638	0.91772
142	-4.13721	-4.08973	-5.19416	0.984762	0.0152382	0.016223
143	-4.13721	-4.08973	-5.19416	0.984762	0.0152382	0.016223
144	-22.4802	-29.9301	-17.6097	9.55058e-05	0.999904	0.999905
145	-27.1049	-30.8428	-25.3986	0.0847118	0.915288	0.915373
146	-12.9935	-16.7411	-11.1561	0.0744075	0.925593	0.925667
147	-21.6675	-29.1309	-16.5802	7.58584e-05	0.999924	0.999924
148	-33.4363	-44.6115	-25.3689	9.41461e-08	1	1
149	-16.7072	-20.4221	-15.0391	0.0895743	0.910426	0.910515
150	-10.7175	-10.6589	-12.0332	0.988324	0.011676	0.0126643
151	-4.96676	-4.90654	-6.32157	0.988785	0.0112153	0.0122041
152	-32.2167	-39.7488	-26.5279	3.88107e-05	0.999961	0.999961
153	-6.5731	-6.5031	-8.16067	0.991179	0.00882118	0.00981236
154	-13.5769	-17.3213	-11.8437	0.0821556	0.917844	0.917927
155	-7.58693	-7.52613	-8.95532	0.988941	0.0110594	0.0120483
156	-11.9601	-11.8999	-13.3138	0.988772	0.0112279	0.0122167
157	-11.1388	-14.6719	-9.32651	0.09269	0.90731	0.907403
158	-18.761	-26.0957	-13.7004	8.86194e-05	0.999911	0.999911
159	-4.08608	-4.02588	-5.44151	0.988791	0.0112088	0.0121976
160	-7.85058	-7.79038	-9.20604	0.988792	0.0112084	0.0121972
161	-5.22606	-5.16956	-6.49425	0.987737	0.0122627	0.0132505
162	-9.25115	-9.19418	-10.5316	0.987891	0.0121089	0.0130968
163	-4.11562	-4.04485	-5.72363	0.991362	0.00863774	0.0096291
164	-9.0594	-8.99643	-10.4799	0.989518	0.0104817	0.0114712
165	-8.74026	-8.6854	-9.97109	0.987256	0.0127443	0.0137315
166	-4.11298	-4.04367	-5.68555	0.991041	0.0089595	0.00995054
167	-4.09163	-4.03082	-5.46019	0.988942	0.0110575	0.0120465
168	-4.11894	-4.04894	-5.70675	0.991181	0.00881913	0.00981031
169	-4.84721	-4.78501	-6.24872	0.989312	0.0106882	0.0116775
170	-10.3309	-10.2692	-11.7203	0.989178	0.0108223	0.0118115
171	-4.13721	-4.08973	-5.19416	0.984762	0.0152382	0.016223
172	-10.8025	-10.7417	-12.1709	0.988941	0.0110593	0.0120482
173	-4.70443	-4.66264	-5.63055	0.982571	0.0174285	0.0184111
174	-9.10367	-9.0355	-10.647	0.990767	0.00923287	0.0102236
175	-7.9226	-7.86163	-9.2947	0.988983	0.011017	0.012006
176	-3.58418	-3.52336	-4.95286	0.988944	0.0110561	0.012045
177	-11.1092	-11.0387	-12.7074	0.991275	0.00872472	0.009716
178	-8.34003	-8.27792	-9.73937	0.989288	0.0107121	0.0117014
179	-7.71604	-7.66804	-8.78539	0.984954	0.0150457	0.0160306
180	-4.72943	-4.66474	-6.19016	0.989945	0.0100549	0.0110449
181	-11.1724	-11.123	-12.2725	0.985423	0.0145765	0.0155619
182	-4.12148	-4.04998	-5.74505	0.991501	0.0084993	0.0094908
183	-4.35139	-4.28919	-5.75308	0.989314	0.0106862	0.0116756
184	-9.24788	-9.20608	-10.174	0.982571	0.0174285	0.0184111
185	-3.58418	-3.52336	-4.95286	0.988944	0.0110561	0.012045
186	-3.80581	-3.7309	-5.50942	0.992176	0.00782414	0.00881632
187	-4.73552	-4.67133	-6.18208	0.989798	0.0102021	0.0111919
188	-16.2014	-19.9629	-14.3141	0.0701365	0.929863	0.929934
189	-9.51218	-9.44899	-10.9349	0.989544	0.0104556	0.0114452
190	-14.1938	-14.1533	-15.094	0.9821	0.0178996	0.0188817
191	-14.8653	-14.8157	-15.9779	0.985605	0.0143946	0.0153802
192	-4.63921	-4.58328	-5.89156	0.987537	0.0124631	0.0134506
193	-12.0023	-15.7469	-10.2905	0.0837655	0.916235	0.916318
194	-4.1005	-4.03872	-5.49003	0.98918	0.0108201	0.0118093
195	-18.0406	-17.9694	-19.6535	0.991408	0.00859202	0.00958343
196	-5.68258	-5.62476	-6.97887	0.988089	0.0119114	0.0128995
197	-10.6619	-10.594	-12.196	0.990679	0.00932068	0.0103114
198	-10.1534	-10.1104	-11.1059	0.983039	0.0169612	0.0179443
199	-7.91693	-7.85117	-9.39884	0.990164	0.00983592	0.0108261
200	-10.186	-10.1474	-11.0378	0.981193	0.0188066	0.0197878
201	-11.3153	-11.2512	-12.7597	0.989775	0.0102245	0.0112143
202	-11.4416	-11.3806	-12.8172	0.989021	0.0109789	0.011968
203	-16.2141	-16.17	-17.1954	0.983529	0.016471	0.0174546
204	-3.59305	-3.53127	-4.98271	0.989181	0.0108187	0.0118078
205	-4.36031	-4.29711	-5.78348	0.989549	0.0104512	0.0114407
206	-14.036	-13.9872	-15.1261	0.985271	0.0147288	0.015714
207	-9.26356	-9.2155	-10.3445	0.985127	0.0148732	0.0158583
208	-9.32439	-9.26442	-10.6715	0.988696	0.0113042	0.0122929
209	-9.16406	-9.11566	-10.2408	0.98507	0.0149302	0.0159153
210	-4.60989	-4.54461	-6.0825	0.990068	0.00993161	0.0109217
211	-5.50503	-5.43787	-7.02169	0.99051	0.00949002	0.0104805
212	-5.70659	-5.63704	-7.28	0.99105	0.00894997	0.00994102
213	-5.70659	-5.63704	-7.28	0.99105	0.00894997	0.00994102
214	-12.8335	-12.7758	-14.1281	0.988068	0.0119319	0.0129199
215	-5.338	-5.27197	-6.82746	0.99024	0.00976001	0.0107502
216	-5.70622	-5.63833	-7.24009	0.990677	0.00932283	0.0103135
217	-3.80581	-3.7309	-5.50942	0.992176	0.00782414	0.00881632
218	-5.338	-5.27197	-6.82746	0.99024	0.00976001	0.0107502
219	-8.29311	-8.24004	-9.47834	0.986646	0.0133545	0.0143411
220	-3.85696	-3.80305	-5.06223	0.986918	0.013082	0.0140689
221	-5.43711	-5.37113	-6.92505	0.990225	0.00977523	0.0107655
222	-4.1005	-4.03872	-5.49003	0.98918	0.0108201	0.0118093
223	-5.43467	-5.36712	-6.95989	0.990594	0.00940626	0.0103969
224	-4.73552	-4.67133	-6.18208	0.989798	0.0102021	0.0111919
225	-4.85612	-4.79292	-6.27911	0.989547	0.0104531	0.0114427
226	-4.88305	-4.81231	-6.486	0.991319	0.00868146	0.00967278
227	-7.47127	-7.42884	-8.41112	0.982816	0.0171839	0.0181667
228	-9.28204	-9.21492	-10.7979	0.990502	0.00949821	0.0104887
229	-8.1012	-8.03725	-9.54084	0.989725	0.0102746	0.0112643
230	-4.64113	-4.56239	-6.43639	0.992883	0.00711675	0.00810963
231	-4.88918	-4.82265	-6.39021	0.990356	0.00964415	0.0106345
232	-4.9778	-4.91661	-6.35337	0.989023	0.010977	0.011966
233	-4.85612	-4.79292	-6.27911	0.989547	0.0104531	0.0114427
234	-8.58852	-8.54606	-9.52887	0.982825	0.0171751	0.0181579
235	-4.1005	-4.03872	-5.49003	0.98918	0.0108201	0.0118093
236	-4.36031	-4.29711	-5.78348	0.989549	0.0104512	0.0114407
237	-4.60427	-4.54046	-6.04221	0.989707	0.0102933	0.011283
238	-7.13487	-7.06844	-8.63349	0.990332	0.00966805	0.0106584
239	-6.10999	-6.04822	-7.49922	0.989177	0.0108235	0.0118126
240	-4.57588	-4.50476	-6.18779	0.991399	0.00860133	0.00959273
241	-3.80581	-3.7309	-5.50942	0.992176	0.00782414	0.00881632
242	-4.89116	-4.82668	-6.34409	0.989865	0.010135	0.0111249
243	-5.43467	-5.36712	-6.95989	0.990594	0.00940626	0.0103969
244	-4.63921	-4.58328	-5.89156	0.987537	0.0124631	0.0134506
245	-3.59305	-3.53127	-4.98271	0.989181	0.0108187	0.0118078
246	-4.57824	-4.5056	-6.22648	0.991715	0.00828457	0.00927628
247	-4.1005	-4.03872	-5.49003	0.98918	0.0108201	0.0118093
261	-24.6945	-32.2348	-19.9994	0.000103974	0.999896	0.999896
262	-4.88305	-4.81231	-6.486	0.991319	0.00868146	0.00967278
263	-8.84129	-8.77579	-10.3165	0.990096	0.00990412	0.0108942
264	-4.89077	-4.82474	-6.3802	0.99024	0.00976037	0.0107506
265	-4.12848	-4.05734	-5.7406	0.991401	0.00859942	0.00959082
266	-4.60427	-4.54046	-6.04221	0.989707	0.0102933	0.011283
267	-4.60427	-4.54046	-6.04221	0.989707	0.0102933	0.011283
268	-11.9595	-11.8901	-13.5293	0.991017	0.00898319	0.00997421
269	-8.73658	-8.67419	-10.1407	0.989342	0.0106583	0.0116477
270	-4.85396	-4.81047	-5.81811	0.983239	0.016761	0.0177442
271	-4.89116	-4.82668	-6.34409	0.989865	0.010135	0.0111249
272	-3.80629	-3.73091	-5.51997	0.992257	0.00774277	0.00873503
273	-5.34404	-5.27915	-6.80566	0.989956	0.0100441	0.0110341
274	-11.1565	-14.8415	-9.71975	0.11329	0.88671	0.886823
275	-5.26915	-5.19864	-6.86422	0.991248	0.0087515	0.00974275
276	-8.80045	-8.74383	-10.0691	0.987744	0.0122559	0.0132436
277	-7.18676	-7.1244	-8.58879	0.989319	0.0106809	0.0116703
278	-25.0326	-24.9663	-26.5275	0.990295	0.00970519	0.0106955
279	-7.82082	-7.75865	-9.21863	0.989272	0.0107278	0.011717
280	-5.59381	-5.52235	-7.21257	0.99146	0.00854029	0.00953175
281	-4.73969	-4.67511	-6.19483	0.989888	0.0101118	0.0111017
282	-12.5125	-16.2568	-10.8089	0.0844196	0.91558	0.915665
283	-4.89352	-4.82658	-6.4035	0.990445	0.00955504	0.0105455
284	-7.76943	-7.71242	-9.04298	0.987808	0.0121918	0.0131796
285	-9.46977	-9.4271	-10.4147	0.982905	0.0170946	0.0180775
286	-6.72728	-6.67305	-7.9394	0.98701	0.0129899	0.0139769
287	-4.98214	-4.92057	-6.36587	0.989115	0.0108846	0.0118737
288	-9.49241	-9.42509	-11.0089	0.99051	0.00949006	0.0104806
289	-4.15078	-4.10225	-5.23026	0.985112	0.0148885	0.0158736
290	-3.59655	-3.53437	-4.99445	0.989273	0.0107267	0.011716
291	-4.36382	-4.30022	-5.79543	0.98964	0.0103602	0.0113498
292	-11.0685	-11.0248	-12.0382	0.983335	0.0166651	0.0176484
293	-5.24057	-5.18238	-6.54455	0.988183	0.0118169	0.0128051
294	-11.7678	-11.7147	-12.9533	0.986649	0.0133506	0.0143372
295	-4.65855	-4.6136	-5.6557	0.983798	0.0162024	0.0171862
296	-4.98593	-4.92287	-6.40489	0.989504	0.0104962	0.0114857
297	-10.0044	-9.9234	-11.8531	0.993266	0.00673352	0.00772678
298	-6.07595	-6.01379	-7.47341	0.989269	0.0107315	0.0117208
299	-4.89352	-4.82658	-6.4035	0.990445	0.00955504	0.0105455
300	-4.22885	-4.16753	-5.60692	0.989052	0.0109485	0.0119375
301	-15.1012	-18.8511	-13.3565	0.0808759	0.919124	0.919205
302	-4.64615	-4.56512	-6.49521	0.993269	0.00673114	0.0077244
303	-16.0443	-19.8161	-13.9048	0.0548302	0.94517	0.945225
304	-15.9154	-19.6736	-14.1331	0.0775326	0.922467	0.922545
305	-5.24325	-5.18879	-6.45969	0.987068	0.0129316	0.0139186
306	-8.63671	-8.57278	-10.0754	0.989716	0.010284	0.0112737
307	-3.86367	-3.8091	-5.08291	0.987105	0.0128945	0.0138816
308	-4.90169	-4.83485	-6.40852	0.990414	0.0095859	0.0105763
309	-4.10734	-4.04481	-5.51303	0.989359	0.0106406	0.01163
310	-7.31535	-7.25282	-8.72105	0.98936	0.0106404	0.0116298
311	-4.65882	-4.61361	-5.6616	0.983891	0.0161088	0.0170927
312	-4.15446	-4.10565	-5.24004	0.985205	0.0147951	0.0157803
313	-3.5999	-3.53736	-5.00572	0.989361	0.0106391	0.0116285
314	-7.57255	-7.52962	-8.52302	0.983003	0.0169972	0.0179802
315	-4.13804	-4.06449	-5.80566	0.99188	0.00811952	0.0091114
316	-11.9347	-11.8623	-13.5757	0.991654	0.00834649	0.00933814
317	-30.4595	-37.8119	-25.3518	8.30502e-05	0.999917	0.999917
318	-7.09448	-7.03195	-8.50014	0.989359	0.0106409	0.0116302
319	-9.13652	-9.07398	-10.5422	0.989359	0.0106411	0.0116304
320	-10.8184	-10.7617	-12.083	0.987696	0.0123037	0.0132914
321	-6.54074	-6.49193	-7.62643	0.985207	0.0147934	0.0157786
322	-7.77444	-7.71708	-9.0554	0.987901	0.0120987	0.0130866
323	-8.33881	-8.27626	-9.74478	0.989363	0.0106374	0.0116268
324	-13.6796	-13.6143	-15.1474	0.990021	0.00997897	0.010969
325	-7.5349	-7.49197	-8.48534	0.983002	0.0169979	0.0179809
326	-16.1824	-19.9225	-14.5625	0.0914697	0.90853	0.908622
327	-16.5756	-16.5093	-18.0671	0.990262	0.0097378	0.0107281
328	-9.2272	-9.18424	-10.1784	0.983015	0.016985	0.0179681
329	-9.97812	-9.92356	-11.1974	0.987106	0.0128945	0.0138816
330	-4.10734	-4.04481	-5.51303	0.989359	0.0106406	0.01163
331	-7.62975	-7.56653	-9.05064	0.989525	0.0104746	0.0114642
332	-12.1863	-12.1208	-13.663	0.990111	0.00988904	0.0108792
333	-11.818	-15.5377	-10.0771	0.0834415	0.916558	0.916642
334	-18.1047	-18.038	-19.6065	0.990364	0.0096356	0.010626
335	-12.3445	-12.2779	-13.8465	0.990366	0.00963401	0.0106244
336	-4.58323	-4.51123	-6.21388	0.991564	0.00843569	0.00942725
337	-3.80675	-3.73092	-5.5301	0.992335	0.00766543	0.00865776
338	-8.21402	-8.14853	-9.68891	0.990093	0.00990712	0.0108972
339	-11.509	-11.4293	-13.3251	0.993036	0.00696429	0.00795732
340	-7.02964	-6.95632	-8.6912	0.99183	0.00817034	0.00916217
341	-7.64734	-7.58882	-8.95824	0.988267	0.0117327	0.0127209
342	-6.11684	-6.05431	-7.52223	0.989356	0.0106438	0.0116332
343	-11.0793	-10.9986	-12.9166	0.993188	0.00681228	0.00780547
344	-3.5999	-3.53736	-5.00572	0.989361	0.0106391	0.0116285
345	-11.2195	-11.1538	-12.6977	0.990127	0.00987271	0.0108628
346	-13.6412	-13.5686	-15.2861	0.991688	0.00831214	0.00930383
347	-4.13583	-4.06382	-5.7667	0.991566	0.00843379	0.00942536
348	-8.78629	-8.74333	-9.73735	0.983013	0.0169869	0.0179699
349	-8.14238	-8.0766	-9.62371	0.990159	0.00984133	0.0108315
350	-3.80675	-3.73092	-5.5301	0.992335	0.00766543	0.00865776
351	-4.36719	-4.30321	-5.80691	0.989726	0.0102735	0.0112632
352	-7.33103	-7.26511	-8.8163	0.990198	0.00980171	0.0107919
353	-3.5999	-3.53736	-5.00572	0.989361	0.0106391	0.0116285
354	-6.54074	-6.49193	-7.62643	0.985207	0.0147934	0.0157786
355	-9.27018	-9.21561	-10.4895	0.987106	0.0128942	0.0138813
356	-8.87923	-8.80718	-10.5111	0.991575	0.00842481	0.00941639
357	-12.0039	-15.7315	-10.6195	0.11427	0.88573	0.885844
358	-23.9816	-23.9364	-24.9806	0.983831	0.0161692	0.017153
359	-3.5999	-3.53736	-5.00572	0.989361	0.0106391	0.0116285
360	-4.10734	-4.04481	-5.51303	0.989359	0.0106406	0.01163
361	-12.5537	-16.2318	-10.9783	0.100709	0.899291	0.899391
362	-12.1576	-12.0923	-13.6276	0.990042	0.00995752	0.0109476
363	-4.13804	-4.06449	-5.80566	0.99188	0.00811952	0.0091114
364	-7.93837	-7.87565	-9.34827	0.989406	0.0105943	0.0115837
365	-4.58404	-4.51068	-6.24769	0.991847	0.0081531	0.00914495
366	-10.1306	-10.072	-11.4436	0.988292	0.0117077	0.012696
367	-34.9598	-38.7038	-33.3532	0.0922543	0.907746	0.907838
368	-5.24358	-5.18519	-6.55201	0.988237	0.0117628	0.0127511
369	-4.106	-4.04361	-5.50852	0.989324	0.0106756	0.0116649
370	-4.23101	-4.16947	-5.61374	0.989104	0.0108956	0.0118847
371	-5.59589	-5.52417	-7.22015	0.991508	0.00849168	0.00948318
372	-8.1408	-8.07518	-9.61875	0.990124	0.00987587	0.010866
373	-8.15081	-8.08368	-9.66486	0.990485	0.00951489	0.0105054
374	-11.8776	-11.8125	-13.3431	0.989997	0.0100035	0.0109935
375	-5.3473	-5.28217	-6.8139	0.990008	0.0099924	0.0109824
376	-17.2594	-21.0059	-15.7597	0.101381	0.898619	0.89872
377	-5.59743	-5.52408	-7.26102	0.991846	0.00815369	0.00914554
378	-9.67457	-9.62022	-10.8891	0.987042	0.0129576	0.0139446
379	-4.58301	-4.50978	-6.24393	0.991824	0.00817623	0.00916805
380	-22.8923	-22.8265	-24.3759	0.990181	0.00981941	0.0108096
381	-3.8614	-3.80705	-5.07592	0.987042	0.0129577	0.0139447
382	-7.58573	-7.5177	-9.12076	0.990689	0.00931088	0.0103016
383	-6.07698	-6.01471	-7.4769	0.989296	0.0107043	0.0116936
384	-5.44274	-5.37464	-6.97977	0.990708	0.00929173	0.0102824
385	-7.17735	-7.11492	-8.58089	0.989336	0.0106644	0.0116537
386	-4.58075	-4.50904	-6.20506	0.991509	0.00849138	0.00948289
387	-10.6809	-10.6194	-12.0759	0.989236	0.010764	0.0117532
388	-10.0198	-9.95588	-11.4595	0.989726	0.0102739	0.0112636
389	-9.34552	-9.30269	-10.2939	0.982965	0.0170347	0.0180176
390	-4.72726	-4.68447	-5.67474	0.98295	0.0170496	0.0180326
391	-19.8361	-23.5858	-18.2555	0.0939671	0.906033	0.906127
392	-5.59743	-5.52408	-7.26102	0.991846	0.00815369	0.00914554
393	-11.0619	-10.9969	-12.5262	0.989983	0.0100171	0.0110071
394	-8.26468	-8.2214	-9.2238	0.983152	0.0168475	0.0178307
395	-4.9872	-4.92402	-6.40865	0.989531	0.0104692	0.0114588
396	-3.8614	-3.80705	-5.07592	0.987042	0.0129577	0.0139447
397	-4.88064	-4.81089	-6.45871	0.991093	0.00890698	0.00989808
398	-15.479	-15.4384	-16.373	0.981991	0.0180086	0.0189906
399	-4.10503	-4.04275	-5.50524	0.989299	0.010701	0.0116903
400	-9.35909	-9.28783	-10.9734	0.99142	0.00858002	0.00957144
401	-16.7996	-20.5483	-15.262	0.0977782	0.902222	0.90232
402	-14.612	-14.5466	-16.0861	0.990085	0.00991541	0.0109055
403	-8.72958	-8.65966	-10.3115	0.991128	0.0088718	0.00986292
404	-5.44274	-5.37464	-6.97977	0.990708	0.00929173	0.0102824
405	-4.36486	-4.30115	-5.79898	0.989667	0.0103333	0.011323
406	-4.898	-4.83143	-6.39894	0.990355	0.0096446	0.010635
407	-4.72726	-4.68447	-5.67474	0.98295	0.0170496	0.0180326
408	-5.63244	-5.57447	-6.93149	0.988123	0.0118773	0.0128654
409	-4.8605	-4.81667	-5.83204	0.983366	0.016634	0.0176174
410	-14.0489	-13.9905	-15.3559	0.98822	0.0117798	0.012768
411	-13.2614	-13.2182	-14.2177	0.983104	0.0168957	0.0178788
412	-3.80643	-3.73091	-5.5231	0.992281	0.00771877	0.00871105
413	-4.74093	-4.67622	-6.19862	0.989915	0.0100852	0.0110751
414	-4.58301	-4.50978	-6.24393	0.991824	0.00817623	0.00916805
415	-7.78565	-7.71393	-9.41016	0.99151	0.00848955	0.00948106
416	-3.80643	-3.73091	-5.5231	0.992281	0.00771877	0.00871105
417	-7.31303	-7.25075	-8.71327	0.989299	0.0107008	0.0116901
418	-18.5812	-18.538	-19.5378	0.98311	0.0168898	0.0178729
419	-4.59437	-4.53994	-5.81072	0.987067	0.0129333	0.0139203
420	-6.84152	-6.77802	-8.26996	0.989606	0.0103937	0.0113833
421	-6.58749	-6.51579	-8.21179	0.991509	0.00849146	0.00948297
422	-4.60387	-4.5401	-6.04077	0.989696	0.0103044	0.0112941
423	-24.4284	-28.1651	-22.9058	0.100187	0.899813	0.899913
424	-15.3148	-19.0622	-13.6783	0.0894947	0.910505	0.910595
425	-16.4847	-20.2106	-14.7872	0.086331	0.913669	0.913755
426	-5.59488	-5.52329	-7.21647	0.991485	0.0085152	0.00950669
427	-4.10503	-4.04275	-5.50524	0.989299	0.010701	0.0116903
428	-10.0416	-9.96849	-11.6986	0.991791	0.00820871	0.0092005
429	-3.8614	-3.80705	-5.07592	0.987042	0.0129577	0.0139447
430	-8.85627	-8.8012	-10.0891	0.987284	0.0127163	0.0137036
431	-8.5803	-8.52579	-9.79834	0.987089	0.0129106	0.0138977
432	-10.4359	-10.3872	-11.519	0.985168	0.0148324	0.0158176
433	-10.1649	-10.1011	-11.6008	0.989686	0.0103138	0.0113035
434	-4.15299	-4.10429	-5.23613	0.985168	0.0148324	0.0158176
435	-3.8073	-3.73093	-5.54232	0.992427	0.00757309	0.00856552
436	-5.25166	-5.19271	-6.57196	0.988381	0.0116192	0.0126075
437	-4.88585	-4.81532	-6.48079	0.991248	0.00875242	0.00974367
438	-3.8073	-3.73093	-5.54232	0.992427	0.00757309	0.00856552
439	-5.49992	-5.45662	-6.45863	0.983146	0.016854	0.0178371
440	-9.28787	-9.22585	-10.6796	0.989206	0.0107944	0.0117836
441	-9.61075	-9.55409	-10.8721	0.987657	0.0123433	0.013331
442	-4.65489	-4.57279	-6.52711	0.993429	0.00657105	0.00756448
443	-12.4846	-12.4276	-13.7594	0.987823	0.0121767	0.0131645
444	-6.73453	-6.67959	-7.96175	0.987211	0.0127887	0.0137759
445	-10.2925	-10.222	-11.8875	0.991248	0.00875203	0.00974328
446	-15.2945	-15.2513	-16.2526	0.983135	0.0168648	0.017848
447	-3.60394	-3.54096	-5.01931	0.989466	0.0105344	0.0115239
448	-11.4237	-11.3804	-12.3814	0.983128	0.016872	0.0178552
449	-5.27297	-5.20196	-6.87887	0.991346	0.00865375	0.0096451
450	-4.37125	-4.30682	-5.82076	0.98983	0.0101699	0.0111598
451	-13.732	-13.6581	-15.4063	0.991937	0.00806304	0.00905498
452	-14.6378	-14.5806	-15.9154	0.987859	0.0121409	0.0131287
453	-6.12088	-6.05791	-7.53582	0.989461	0.0105391	0.0115285
454	-22.7057	-26.459	-21.0298	0.0858783	0.914122	0.914208
455	-4.9027	-4.83488	-6.43166	0.990631	0.00936901	0.0103596
456	-3.60394	-3.54096	-5.01931	0.989466	0.0105344	0.0115239
457	-4.14017	-4.06765	-5.78212	0.991663	0.00833739	0.00932905
458	-12.6434	-12.5986	-13.6394	0.983776	0.0162237	0.0172075
459	-5.6989	-5.63995	-7.01921	0.988381	0.0116191	0.0126075
460	-3.60394	-3.54096	-5.01931	0.989466	0.0105344	0.0115239
461	-4.61467	-4.54962	-6.07916	0.989986	0.010014	0.011004
462	-3.8073	-3.73093	-5.54232	0.992427	0.00757309	0.00856552
463	-8.0343	-7.96498	-9.59959	0.990976	0.00902426	0.0100152
464	-13.5226	-13.4493	-15.183	0.99182	0.00817981	0.00917163
465	-8.25778	-8.2028	-9.48601	0.987225	0.0127755	0.0137627
466	-4.15889	-4.10974	-5.25184	0.985317	0.0146832	0.0156685
467	-9.85835	-9.79289	-11.3324	0.990084	0.00991604	0.0109061
468	-8.10047	-8.0278	-9.7458	0.991692	0.00830824	0.00929994
469	-5.2693	-5.19979	-6.83952	0.991021	0.00897858	0.0099696
470	-8.02004	-7.94752	-9.66173	0.99166	0.00833956	0.00933123
471	-4.88585	-4.81532	-6.48079	0.991248	0.00875242	0.00974367
472	-4.86969	-4.82537	-5.85161	0.983543	0.0164571	0.0174407
473	-4.90881	-4.84307	-6.38873	0.990145	0.00985547	0.0108456
474	-5.50508	-5.46188	-6.46132	0.983103	0.0168966	0.0178797
475	-4.90814	-4.84083	-6.42525	0.990516	0.00948429	0.0104748
476	-7.74282	-7.68508	-9.03141	0.987997	0.0120034	0.0129913
477	-3.60394	-3.54096	-5.01931	0.989466	0.0105344	0.0115239
478	-4.73809	-4.69483	-5.69571	0.983127	0.0168727	0.0178558
479	-4.14017	-4.06765	-5.78212	0.991663	0.00833739	0.00932905
480	-9.02249	-8.95743	-10.4873	0.989989	0.0100111	0.0110011
481	-3.8073	-3.73093	-5.54232	0.992427	0.00757309	0.00856552
482	-3.60394	-3.54096	-5.01931	0.989466	0.0105344	0.0115239
483	-5.45681	-5.38955	-6.97246	0.990501	0.00949856	0.0104891
484	-4.11138	-4.0484	-5.52662	0.989464	0.0105359	0.0115253
485	-12.8859	-17.1282	-10.8229	0.0376456	0.962354	0.962392
486	-16.9891	-16.9208	-18.5303	0.990749	0.00925103	0.0102418
487	-8.30475	-8.23072	-9.98262	0.991966	0.00803357	0.00902554
488	-4.14017	-4.06765	-5.78212	0.991663	0.00833739	0.00932905
489	-10.8157	-10.7508	-12.2768	0.989951	0.0100486	0.0110386
490	-8.19184	-8.12544	-9.68737	0.990302	0.00969796	0.0106883
491	-4.86705	-4.80263	-6.31638	0.989828	0.0101718	0.0111617
492	-12.686	-12.6204	-14.1608	0.990093	0.0099073	0.0108974
493	-4.65426	-4.57396	-6.48279	0.993125	0.00687486	0.00786798
494	-8.23531	-8.19203	-9.1934	0.983135	0.0168646	0.0178478
495	-7.31939	-7.25641	-8.73465	0.989464	0.0105357	0.0115251
496	-8.02004	-7.94752	-9.66173	0.99166	0.00833956	0.00933123
497	-12.7968	-16.5245	-11.326	0.105808	0.894192	0.894298
498	-5.00157	-4.94039	-6.37491	0.988999	0.0110013	0.0119903
499	-4.8918	-4.8197	-6.52433	0.991581	0.00841911	0.00941069
500	-8.98512	-8.92814	-10.2599	0.987823	0.0121773	0.0131651
501	-7.56118	-7.49872	-8.96465	0.989335	0.0106647	0.011654
502	-9.16814	-9.0972	-10.7726	0.991333	0.00866666	0.00965799
503	-4.99133	-4.92896	-6.39235	0.989308	0.0106915	0.0116808
504	-5.72422	-5.65331	-7.32685	0.991317	0.00868273	0.00967405
505	-4.15889	-4.10974	-5.25184	0.985317	0.0146832	0.0156685
506	-6.77165	-6.71671	-7.9989	0.987212	0.0127884	0.0137756
507	-4.14017	-4.06765	-5.78212	0.991663	0.00833739	0.00932905
508	-5.72422	-5.65331	-7.32685	0.991317	0.00868273	0.00967405
509	-4.90881	-4.84307	-6.38873	0.990145	0.00985547	0.0108456
510	-7.97021	-7.9033	-9.47834	0.990427	0.00957296	0.0105634
511	-3.8073	-3.73093	-5.54232	0.992427	0.00757309	0.00856552
512	-4.58757	-4.51506	-6.2293	0.991661	0.00833928	0.00933094
513	-4.73809	-4.69483	-5.69571	0.983127	0.0168727	0.0178558
514	-4.90881	-4.84307	-6.38873	0.990145	0.00985547	0.0108456
515	-5.72411	-5.6549	-7.28646	0.990948	0.00905156	0.0100425
516	-5.72422	-5.65331	-7.32685	0.991317	0.00868273	0.00967405
517	-4.8918	-4.8197	-6.52433	0.991581	0.00841911	0.00941069
518	-6.73453	-6.67959	-7.96175	0.987211	0.0127887	0.0137759
519	-7.0339	-6.96005	-8.70678	0.991925	0.00807482	0.00906675
520	-4.99133	-4.92896	-6.39235	0.989308	0.0106915	0.0116808
521	-4.8918	-4.8197	-6.52433	0.991581	0.00841911	0.00941069
522	-3.86763	-3.81268	-5.09514	0.987215	0.0127849	0.0137721
523	-8.049	-7.97486	-9.72927	0.991986	0.00801358	0.00900557
524	-5.25367	-5.19458	-6.57693	0.988416	0.0115836	0.0125721
525	-4.91028	-4.84281	-6.43081	0.990549	0.0094508	0.0104414
595	-7.69289	-7.61956	-9.35066	0.991799	0.00820104	0.00919283
596	-20.9812	-25.5174	-19.2852	0.0403874	0.959613	0.959653
597	-11.273	-11.2219	-12.4094	0.98596	0.01404	0.0150259
598	-8.31486	-8.2409	-9.98799	0.991928	0.00807195	0.00906388
599	-6.64039	-6.57619	-8.08211	0.989749	0.0102509	0.0112407
600	-7.50921	-7.46512	-8.48459	0.983433	0.0165672	0.0175506
601	-13.1727	-13.1271	-14.1862	0.984066	0.0159341	0.0169181
602	-14.2472	-14.1839	-15.6722	0.989569	0.0104309	0.0114205
603	-7.61151	-7.53606	-9.32017	0.992219	0.00778094	0.00877316
604	-4.15427	-4.07873	-5.86516	0.992237	0.00776304	0.00875528
605	-5.00549	-4.94189	-6.43315	0.989599	0.0104008	0.0113904
606	-4.59978	-4.52583	-6.27272	0.991926	0.00807357	0.0090655
607	-4.87847	-4.81278	-6.35536	0.990114	0.00988556	0.0108757
608	-4.66005	-4.61364	-5.68876	0.984316	0.0156843	0.0166686
609	-7.36189	-7.29369	-8.89757	0.990697	0.00930323	0.0102939
610	-8.46739	-8.39985	-9.98699	0.990541	0.00945883	0.0104494
611	-4.12275	-4.05853	-5.5649	0.989754	0.0102464	0.0112361
612	-4.59978	-4.52583	-6.27272	0.991926	0.00807357	0.0090655
613	-6.64039	-6.57619	-8.08211	0.989749	0.0102509	0.0112407
614	-4.15238	-4.07842	-5.82555	0.991928	0.0080717	0.00906363
615	-14.2135	-14.1304	-16.1079	0.993578	0.00642171	0.00741529
616	-7.96485	-7.90878	-9.21685	0.987534	0.0124657	0.0134532
617	-3.80885	-3.73096	-5.57676	0.992681	0.00731888	0.00831156
618	-4.88614	-4.84096	-5.88668	0.983855	0.0161448	0.0171287
619	-5.28371	-5.2113	-6.92013	0.991616	0.0083842	0.00937581
620	-5.26872	-5.20862	-6.61417	0.988679	0.011321	0.0123097
621	-4.9263	-4.85764	-6.47237	0.990796	0.00920388	0.0101947
622	-15.0961	-15.036	-16.4413	0.988676	0.0113237	0.0123124
623	-17.0598	-16.9889	-18.6583	0.991281	0.00871882	0.0097101
624	-4.7661	-4.69777	-6.30538	0.990731	0.00926896	0.0102597
625	-22.0518	-25.8065	-20.3505	0.0838044	0.916196	0.916279
626	-3.80885	-3.73096	-5.57676	0.992681	0.00731888	0.00831156
627	-4.63081	-4.56295	-6.15909	0.990625	0.00937489	0.0103655
628	-13.0016	-12.9577	-13.9713	0.983336	0.0166636	0.017647
629	-4.75749	-4.71339	-5.73328	0.98344	0.0165602	0.0175436
630	-4.66005	-4.61364	-5.68876	0.984316	0.0156843	0.0166686
631	-4.15427	-4.07873	-5.86516	0.992237	0.00776304	0.00875528
632	-8.49108	-8.43505	-9.74188	0.987519	0.012481	0.0134685
633	-4.15427	-4.07873	-5.86516	0.992237	0.00776304	0.00875528
634	-5.00894	-4.94379	-6.47296	0.989982	0.0100177	0.0110077
635	-5.00549	-4.94189	-6.43315	0.989599	0.0104008	0.0113904
636	-4.76213	-4.6954	-6.26346	0.990361	0.00963937	0.0106297
637	-7.60809	-7.54092	-9.11951	0.990461	0.00953935	0.0105298
638	-6.51993	-6.46981	-7.63376	0.98563	0.0143704	0.015356
639	-4.63081	-4.56295	-6.15909	0.990625	0.00937489	0.0103655
640	-4.15238	-4.07842	-5.82555	0.991928	0.0080717	0.00906363
641	-4.12275	-4.05853	-5.5649	0.989754	0.0102464	0.0112361
642	-4.91976	-4.85226	-6.43852	0.990533	0.0094671	0.0104576
643	-8.63365	-8.58955	-9.60949	0.983441	0.0165594	0.0175428
644	-4.91976	-4.85226	-6.43852	0.990533	0.0094671	0.0104576
645	-5.74281	-5.67222	-7.33495	0.991224	0.00877623	0.00976745
646	-11.3194	-11.2474	-12.9466	0.991536	0.0084643	0.00945584
647	-3.61531	-3.55109	-5.0576	0.989755	0.0102449	0.0112347
648	-4.15238	-4.07842	-5.82555	0.991928	0.0080717	0.00906363
649	-8.23824	-8.17048	-9.76302	0.990592	0.00940831	0.0103989
650	-9.41314	-9.34635	-10.9156	0.990372	0.00962833	0.0106187
651	-4.12275	-4.05853	-5.5649	0.989754	0.0102464	0.0112361
652	-12.6065	-12.5516	-13.8316	0.987185	0.0128151	0.0138023
653	-5.26074	-5.20482	-6.50875	0.987483	0.0125168	0.0135043
654	-4.9263	-4.85764	-6.47237	0.990796	0.00920388	0.0101947
655	-13.5488	-13.4818	-15.0545	0.990405	0.00959506	0.0105855
656	-4.7661	-4.69777	-6.30538	0.990731	0.00926896	0.0102597
657	-4.92725	-4.86021	-6.43541	0.990429	0.00957133	0.0105618
658	-5.61539	-5.53973	-7.32883	0.992258	0.00774246	0.00873472
659	-5.00549	-4.94189	-6.43315	0.989599	0.0104008	0.0113904
660	-12.7271	-12.6587	-14.2649	0.990719	0.0092815	0.0102722
661	-3.8788	-3.82277	-5.12959	0.987519	0.0124811	0.0134686
662	-7.01693	-6.94299	-8.68964	0.991925	0.00807548	0.0090674
663	-5.74265	-5.67033	-7.37585	0.991588	0.00841174	0.00940333
664	-4.66602	-4.60789	-5.96573	0.988132	0.0118676	0.0128558
665	-4.24895	-4.18561	-5.6707	0.989536	0.0104644	0.0114539
666	-7.75983	-7.70093	-9.07364	0.988305	0.0116946	0.0126829
667	-20.8742	-31.4856	-19.4469	0.000126579	0.999873	0.999874
668	-13.4342	-17.1758	-11.7645	0.0872971	0.912703	0.91279
669	-12.8678	-12.7924	-14.5758	0.992214	0.00778614	0.00877836
670	-8.30408	-8.23139	-9.94968	0.991694	0.00830591	0.00929761
671	-5.47432	-5.40407	-7.05766	0.991144	0.0088562	0.00984734
672	-4.9263	-4.85764	-6.47237	0.990796	0.00920388	0.0101947
673	-8.58789	-8.54379	-9.56353	0.983437	0.0165628	0.0175463
674	-5.26872	-5.20862	-6.61417	0.988679	0.011321	0.0123097
675	-8.75242	-8.70831	-9.72818	0.983439	0.0165606	0.017544
676	-8.44176	-8.37483	-9.94775	0.990407	0.00959303	0.0105834
677	-6.00531	-5.95042	-7.22847	0.987159	0.0128407	0.0138279
678	-9.40048	-9.32652	-11.0736	0.991928	0.00807178	0.00906371
679	-7.16253	-7.09345	-8.71827	0.990888	0.00911219	0.0101031
680	-4.25422	-4.18935	-5.71198	0.989917	0.0100828	0.0110727
681	-7.36864	-7.30184	-8.872	0.990381	0.00961934	0.0106097
682	-4.66796	-4.58606	-6.53131	0.993369	0.00663058	0.00762395
683	-4.59978	-4.52583	-6.27272	0.991926	0.00807357	0.0090655
684	-5.28026	-5.20937	-6.8803	0.991295	0.00870517	0.00969647
685	-7.01693	-6.94299	-8.68964	0.991925	0.00807548	0.0090674
686	-9.36294	-9.29631	-10.8602	0.990321	0.00967938	0.0106697
687	-3.80885	-3.73096	-5.57676	0.992681	0.00731888	0.00831156
688	-5.64996	-5.59018	-6.98789	0.988591	0.0114091	0.0123977
689	-4.7661	-4.69777	-6.30538	0.990731	0.00926896	0.0102597
690	-5.00894	-4.94379	-6.47296	0.989982	0.0100177	0.0110077
691	-5.74281	-5.67222	-7.33495	0.991224	0.00877623	0.00976745
692	-4.62553	-4.5592	-6.11782	0.99027	0.00972982	0.0107201
693	-4.90096	-4.82742	-6.56445	0.991847	0.00815295	0.00914479
694	-9.07221	-9.0141	-10.3713	0.988124	0.0118756	0.0128637
695	-5.51995	-5.4758	-6.49684	0.983458	0.0165415	0.017525
696	-7.57534	-7.51164	-9.00544	0.989625	0.0103747	0.0113643
697	-4.88614	-4.84096	-5.88668	0.983855	0.0161448	0.0171287
698	-13.2857	-13.2184	-14.7991	0.99048	0.00951977	0.0105102
699	-4.91683	-4.84766	-6.47499	0.99091	0.00908966	0.0100806
700	-8.9165	-8.84837	-10.4488	0.990665	0.00933521	0.0103259
701	-8.65005	-8.58621	-10.0831	0.989657	0.0103426	0.0113322
702	-6.00531	-5.95042	-7.22847	0.987159	0.0128407	0.0138279
703	-8.05956	-7.98412	-9.76799	0.992217	0.00778275	0.00877496
704	-9.07518	-9.00558	-10.6442	0.991012	0.00898842	0.00997943
705	-4.38268	-4.31698	-5.85975	0.990116	0.00988367	0.0108738
706	-4.15427	-4.07873	-5.86516	0.992237	0.00776304	0.00875528
707	-8.23628	-8.17249	-9.66897	0.989653	0.0103472	0.0113368
708	-17.6131	-17.569	-18.5884	0.983432	0.0165677	0.0175512
709	-9.45539	-9.39529	-10.8007	0.988677	0.0113231	0.0123117
710	-4.75749	-4.71339	-5.73328	0.98344	0.0165602	0.0175436
711	-7.56119	-7.51712	-8.53624	0.983427	0.0165727	0.0175561
712	-4.75749	-4.71339	-5.73328	0.98344	0.0165602	0.0175436
713	-8.95375	-8.88354	-10.5363	0.991137	0.00886298	0.00985412
714	-3.8788	-3.82277	-5.12959	0.987519	0.0124811	0.0134686
715	-3.80885	-3.73096	-5.57676	0.992681	0.00731888	0.00831156
716	-9.70915	-9.6532	-10.9578	0.987492	0.0125081	0.0134956
717	-4.15427	-4.07873	-5.86516	0.992237	0.00776304	0.00875528
718	-10.7412	-10.6788	-12.1517	0.989409	0.0105914	0.0115808
719	-4.12275	-4.05853	-5.5649	0.989754	0.0102464	0.0112361
720	-11.4241	-11.3531	-13.0255	0.991307	0.00869266	0.00968397
721	-14.0289	-13.9579	-15.633	0.991331	0.00866941	0.00966074
722	-3.80885	-3.73096	-5.57676	0.992681	0.00731888	0.00831156
723	-7.19508	-7.13071	-8.64056	0.989789	0.0102112	0.011201
724	-3.8788	-3.82277	-5.12959	0.987519	0.0124811	0.0134686
725	-5.26872	-5.20862	-6.61417	0.988679	0.011321	0.0123097
726	-9.17968	-9.11514	-10.6273	0.989812	0.0101875	0.0111773
727	-10.8965	-10.8401	-12.1545	0.987612	0.0123877	0.0133753
728	-5.71595	-5.65585	-7.0614	0.988679	0.0113209	0.0123096
729	-4.9263	-4.85764	-6.47237	0.990796	0.00920388	0.0101947
730	-15.5507	-15.505	-16.5669	0.984111	0.015889	0.0168731
731	-9.42472	-9.35765	-10.9334	0.990434	0.0095659	0.0105563
732	-5.61539	-5.53973	-7.32883	0.992258	0.00774246	0.00873472
733	-5.26074	-5.20482	-6.50875	0.987483	0.0125168	0.0135043
734	-3.80885	-3.73096	-5.57676	0.992681	0.00731888	0.00831156
735	-4.70345	-4.63224	-6.31172	0.991368	0.00863172	0.00962309
736	-7.67046	-7.61038	-9.01543	0.988673	0.0113266	0.0123152
737	-13.3515	-13.2955	-14.6024	0.987521	0.0124791	0.0134666
738	-8.05221	-7.99516	-9.32527	0.987803	0.0121972	0.0131851
739	-5.74281	-5.67222	-7.33495	0.991224	0.00877623	0.00976745
740	-5.61322	-5.53938	-7.2834	0.991903	0.00809659	0.0090885
741	-4.60168	-4.52614	-6.31234	0.992235	0.00776485	0.00875708
742	-7.96485	-7.90878	-9.21685	0.987534	0.0124657	0.0134532
743	-4.15427	-4.07873	-5.86516	0.992237	0.00776304	0.00875528
744	-9.77772	-9.71819	-11.115	0.988581	0.0114192	0.0124078
745	-11.1923	-11.1238	-12.7358	0.990772	0.00922841	0.0102192
746	-11.839	-11.7674	-13.454	0.991429	0.00857102	0.00956245
747	-8.74563	-8.67723	-10.2861	0.990742	0.00925779	0.0102485
748	-4.62553	-4.5592	-6.11782	0.99027	0.00972982	0.0107201
749	-7.36189	-7.29369	-8.89757	0.990697	0.00930323	0.0102939
750	-4.17138	-4.12126	-5.28508	0.985628	0.0143723	0.0153579
751	-8.94562	-8.87853	-10.4546	0.990437	0.00956301	0.0105534
752	-4.62553	-4.5592	-6.11782	0.99027	0.00972982	0.0107201
753	-3.80885	-3.73096	-5.57676	0.992681	0.00731888	0.00831156
754	-3.61531	-3.55109	-5.0576	0.989755	0.0102449	0.0112347
755	-4.12275	-4.05853	-5.5649	0.989754	0.0102464	0.0112361
756	-6.00531	-5.95042	-7.22847	0.987159	0.0128407	0.0138279
757	-9.34323	-9.279	-10.7855	0.989755	0.0102451	0.0112349
758	-5.3735	-5.30485	-6.91961	0.990796	0.00920353	0.0101943
759	-3.61531	-3.55109	-5.0576	0.989755	0.0102449	0.0112347
760	-4.76213	-4.6954	-6.26346	0.990361	0.00963937	0.0106297
761	-4.12275	-4.05853	-5.5649	0.989754	0.0102464	0.0112361
762	-13.7063	-13.6321	-15.384	0.991966	0.00803398	0.00902595
763	-5.3735	-5.30485	-6.91961	0.990796	0.00920353	0.0101943
764	-11.191	-11.1219	-12.7463	0.990883	0.00911651	0.0101074
765	-8.26581	-8.19737	-9.80705	0.99075	0.00924998	0.0102407
766	-5.5356	-5.46578	-7.10981	0.99106	0.00894049	0.00993155
767	-4.66005	-4.61364	-5.68876	0.984316	0.0156843	0.0166686
768	-4.7661	-4.69777	-6.30538	0.990731	0.00926896	0.0102597
769	-11.0994	-11.0292	-12.6816	0.991133	0.00886708	0.00985822
770	-4.7661	-4.69777	-6.30538	0.990731	0.00926896	0.0102597
771	-9.38539	-9.32896	-10.6469	0.987655	0.0123447	0.0133324
772	-4.75749	-4.71339	-5.73328	0.98344	0.0165602	0.0175436
773	-9.2184	-9.15385	-10.6666	0.989818	0.0101815	0.0111713
774	-4.76213	-4.6954	-6.26346	0.990361	0.00963937	0.0106297
775	-4.59978	-4.52583	-6.27272	0.991926	0.00807357	0.0090655
776	-4.66796	-4.58606	-6.53131	0.993369	0.00663058	0.00762395
777	-4.75749	-4.71339	-5.73328	0.98344	0.0165602	0.0175436
778	-4.66602	-4.60789	-5.96573	0.988132	0.0118676	0.0128558
779	-4.12275	-4.05853	-5.5649	0.989754	0.0102464	0.0112361
780	-5.00894	-4.94379	-6.47296	0.989982	0.0100177	0.0110077
781	-7.4282	-7.36398	-8.87035	0.989754	0.0102464	0.0112361
782	-9.11839	-9.05114	-10.6311	0.990474	0.00952616	0.0105166
783	-21.5182	-21.4518	-23.013	0.990295	0.00970474	0.010695
784	-3.61531	-3.55109	-5.0576	0.989755	0.0102449	0.0112347
785	-5.26872	-5.20862	-6.61417	0.988679	0.011321	0.0123097
786	-4.62553	-4.5592	-6.11782	0.99027	0.00972982	0.0107201
787	-11.4651	-11.421	-12.4408	0.98344	0.0165602	0.0175436
788	-4.9263	-4.85764	-6.47237	0.990796	0.00920388	0.0101947
789	-12.7242	-12.6636	-14.0812	0.988813	0.011187	0.0121758
790	-11.1055	-11.0614	-12.0814	0.983441	0.0165585	0.017542
791	-3.61531	-3.55109	-5.0576	0.989755	0.0102449	0.0112347
792	-4.25422	-4.18935	-5.71198	0.989917	0.0100828	0.0110727
793	-3.8788	-3.82277	-5.12959	0.987519	0.0124811	0.0134686
794	-6.00531	-5.95042	-7.22847	0.987159	0.0128407	0.0138279
795	-7.35389	-7.28929	-8.80544	0.989852	0.0101476	0.0111375
796	-10.6439	-10.5773	-12.1421	0.99033	0.00967028	0.0106606
797	-9.34206	-9.27013	-10.9673	0.991519	0.00848133	0.00947285
798	-5.5336	-5.46547	-7.0677	0.990681	0.00931856	0.0103092
799	-5.28371	-5.2113	-6.92013	0.991616	0.0083842	0.00937581
800	-4.90096	-4.82742	-6.56445	0.991847	0.00815295	0.00914479
801	-4.92725	-4.86021	-6.43541	0.990429	0.00957133	0.0105618
802	-4.59978	-4.52583	-6.27272	0.991926	0.00807357	0.0090655
803	-12.3074	-12.2473	-13.6523	0.988672	0.0113279	0.0123166
804	-14.9015	-14.8574	-15.8769	0.983434	0.0165665	0.0175499
805	-3.8788	-3.82277	-5.12959	0.987519	0.0124811	0.0134686
806	-8.39006	-8.31457	-10.0999	0.992229	0.00777114	0.00876336
807	-3.8788	-3.82277	-5.12959	0.987519	0.0124811	0.0134686
808	-5.61539	-5.53973	-7.32883	0.992258	0.00774246	0.00873472
809	-19.3664	-19.303	-20.7923	0.989579	0.0104212	0.0114108
810	-4.91683	-4.84766	-6.47499	0.99091	0.00908966	0.0100806
811	-5.26872	-5.20862	-6.61417	0.988679	0.011321	0.0123097
812	-5.00549	-4.94189	-6.43315	0.989599	0.0104008	0.0113904
813	-11.3194	-11.2474	-12.9466	0.991536	0.0084643	0.00945584
814	-7.27557	-7.2176	-8.57098	0.98808	0.0119201	0.0129082
815	-8.79036	-8.71487	-10.5	0.992227	0.00777334	0.00876556
816	-11.3951	-11.3391	-12.6456	0.987516	0.0124844	0.0134719
817	-4.75749	-4.71339	-5.73328	0.98344	0.0165602	0.0175436
818	-6.64039	-6.57619	-8.08211	0.989749	0.0102509	0.0112407
819	-3.8788	-3.82277	-5.12959	0.987519	0.0124811	0.0134686
820	-4.17138	-4.12126	-5.28508	0.985628	0.0143723	0.0153579
821	-4.17138	-4.12126	-5.28508	0.985628	0.0143723	0.0153579
822	-10.3458	-10.3018	-11.3171	0.983364	0.0166356	0.017619
823	-8.35029	-8.28352	-9.8526	0.99037	0.00962956	0.0106199
824	-4.66796	-4.58606	-6.53131	0.993369	0.00663058	0.00762395
825	-4.63081	-4.56295	-6.15909	0.990625	0.00937489	0.0103655
826	-5.61539	-5.53973	-7.32883	0.992258	0.00774246	0.00873472
827	-14.4725	-14.4014	-16.0762	0.991328	0.00867189	0.00966321
828	-4.38268	-4.31698	-5.85975	0.990116	0.00988367	0.0108738
829	-8.18554	-8.10317	-10.0607	0.99345	0.00655001	0.00754346
830	-8.89792	-8.82445	-10.5597	0.991833	0.00816695	0.00915878
831	-4.15238	-4.07842	-5.82555	0.991928	0.0080717	0.00906363
832	-5.74281	-5.67222	-7.33495	0.991224	0.00877623	0.00976745
833	-11.6648	-11.5998	-13.1237	0.98993	0.0100696	0.0110596
834	-6.88306	-6.81821	-8.34113	0.98992	0.0100798	0.0110697
835	-4.12275	-4.05853	-5.5649	0.989754	0.0102464	0.0112361
836	-7.35389	-7.28929	-8.80544	0.989852	0.0101476	0.0111375
837	-7.9697	-7.90427	-9.44052	0.990052	0.00994777	0.0109378
838	-4.15238	-4.07842	-5.82555	0.991928	0.0080717	0.00906363
839	-4.87847	-4.81278	-6.35536	0.990114	0.00988556	0.0108757
840	-6.60654	-6.53258	-8.27947	0.991926	0.00807358	0.00906551
841	-4.12275	-4.05853	-5.5649	0.989754	0.0102464	0.0112361
842	-9.27136	-9.20697	-10.7171	0.989792	0.0102079	0.0111977
843	-4.38268	-4.31698	-5.85975	0.990116	0.00988369	0.0108738
844	-7.70328	-7.63892	-9.14861	0.989787	0.0102127	0.0112025
845	-9.28417	-9.21989	-10.7276	0.989767	0.0102331	0.0112229
846	-10.5047	-10.4308	-12.1779	0.991928	0.00807174	0.00906367
847	-4.12275	-4.05853	-5.5649	0.989754	0.0102464	0.0112361
848	-4.15238	-4.07842	-5.82554	0.991928	0.00807172	0.00906365
849	-11.6857	-11.6204	-13.1518	0.990004	0.00999631	0.0109863
850	-4.12275	-4.05853	-5.5649	0.989754	0.0102464	0.0112361
851	-4.38268	-4.31698	-5.85975	0.990116	0.00988369	0.0108738
852	-4.92725	-4.86021	-6.43541	0.990429	0.00957135	0.0105618
853	-12.8021	-12.7319	-14.384	0.99113	0.00886951	0.00986064
854	-18.312	-18.2453	-19.8113	0.990341	0.00965871	0.0106491
855	-9.11911	-9.04512	-10.7929	0.991933	0.00806657	0.0090585
856	-3.80885	-3.73096	-5.57675	0.992681	0.0073189	0.00831158
857	-5.26074	-5.20482	-6.50875	0.987483	0.0125168	0.0135043
858	-5.26872	-5.20862	-6.61416	0.988679	0.011321	0.0123097
859	-4.66833	-4.58459	-6.57622	0.993668	0.00633196	0.00732562
860	-4.17138	-4.12126	-5.28508	0.985628	0.0143723	0.0153579
861	-5.26074	-5.20482	-6.50875	0.987483	0.0125168	0.0135043
862	-10.6809	-10.6249	-11.9318	0.98752	0.0124799	0.0134674
863	-4.92629	-4.85764	-6.47236	0.990796	0.0092039	0.0101947
864	-9.98035	-9.91568	-11.4335	0.989869	0.010131	0.0111209
865	-4.75749	-4.71339	-5.73328	0.98344	0.0165602	0.0175436
866	-4.66602	-4.60789	-5.96573	0.988132	0.0118677	0.0128558
867	-4.62138	-4.55468	-6.12454	0.990378	0.00962215	0.0106125
868	-4.91099	-4.84509	-6.39423	0.990178	0.00982157	0.0108118
869	-4.75428	-4.68712	-6.26822	0.990484	0.00951561	0.0105061
870	-9.06183	-8.99592	-10.5437	0.990165	0.00983465	0.0108248
871	-4.91028	-4.84281	-6.4308	0.990549	0.00945082	0.0104414
872	-3.80749	-3.73093	-5.54637	0.992457	0.00754275	0.0085352
873	-7.30093	-7.24394	-8.57514	0.987816	0.0121841	0.0131719
874	-9.89735	-9.83424	-11.3153	0.989494	0.0105061	0.0114956
875	-7.09986	-7.03674	-8.51824	0.989498	0.0105016	0.0114911
876	-4.62138	-4.55468	-6.12454	0.990378	0.00962215	0.0106125
877	-4.99664	-4.9326	-6.43655	0.989729	0.0102709	0.0112607
878	-5.25367	-5.19458	-6.57693	0.988416	0.0115837	0.0125721
879	-3.60528	-3.54215	-5.02382	0.9895	0.0104999	0.0114894
880	-3.80749	-3.73093	-5.54637	0.992457	0.00754275	0.0085352
881	-5.25367	-5.19458	-6.57693	0.988416	0.0115837	0.0125721
882	-10.0771	-10.0337	-11.0373	0.983173	0.0168272	0.0178103
883	-9.47374	-9.43401	-10.3504	0.981667	0.0183334	0.0193151
884	-5.35819	-5.29229	-6.84147	0.990179	0.00982122	0.0108114
885	-4.89288	-4.82061	-6.52905	0.991613	0.00838736	0.00937897
886	-4.993	-4.93048	-6.39715	0.989343	0.0106569	0.0116462
887	-10.3891	-10.3084	-12.227	0.993192	0.00680789	0.00780108
888	-4.88614	-4.84096	-5.88668	0.983855	0.0161448	0.0171287
908	-4.75749	-4.71339	-5.73328	0.98344	0.0165602	0.0175436
909	-5.64996	-5.59018	-6.98788	0.988591	0.0114092	0.0123978
910	-13.646	-13.5769	-15.2029	0.990899	0.00910124	0.0100921
911	-4.66602	-4.60789	-5.96573	0.988132	0.0118677	0.0128558
912	-7.4282	-7.36398	-8.87035	0.989754	0.0102464	0.0112362
913	-5.47431	-5.40407	-7.05765	0.991144	0.00885622	0.00984736
914	-9.49585	-9.43519	-10.8561	0.98885	0.0111499	0.0121387
915	-4.76213	-4.6954	-6.26345	0.990361	0.00963939	0.0106298
916	-5.28091	-5.22063	-6.63033	0.988725	0.0112747	0.0122634
917	-5.01343	-4.95104	-6.41283	0.989291	0.0107085	0.0116978
918	-4.92629	-4.85764	-6.47236	0.990796	0.0092039	0.0101947
919	-10.2941	-10.238	-11.5467	0.987543	0.0124571	0.0134447
920	-5.47431	-5.40407	-7.05765	0.991144	0.00885622	0.00984736
921	-10.8148	-10.7708	-11.7891	0.983414	0.0165863	0.0175698
922	-5.26872	-5.20862	-6.61416	0.988679	0.011321	0.0123097
923	-11.5134	-11.4693	-12.4892	0.98344	0.0165603	0.0175437
924	-11.6679	-11.601	-13.1714	0.990383	0.00961676	0.0106071
925	-17.9598	-17.905	-19.1734	0.987037	0.0129627	0.0139497
926	-4.62553	-4.5592	-6.11782	0.99027	0.00972984	0.0107201
927	-9.15409	-9.08205	-10.7811	0.991534	0.00846587	0.0094574
928	-4.25422	-4.18935	-5.71197	0.989917	0.0100828	0.0110728
929	-17.3669	-17.3116	-18.5997	0.987286	0.0127135	0.0137008
930	-10.5084	-10.4331	-12.215	0.992203	0.00779748	0.00878968
931	-9.33454	-9.26794	-10.8323	0.990325	0.00967483	0.0106652
932	-12.7247	-12.6849	-13.6027	0.981693	0.0183072	0.0192889
933	-8.61024	-8.54305	-10.1231	0.990474	0.00952586	0.0105163
934	-8.25273	-8.17878	-9.92566	0.991926	0.00807365	0.00906558
935	-4.62553	-4.5592	-6.11782	0.99027	0.00972984	0.0107201
936	-4.75749	-4.71339	-5.73328	0.98344	0.0165602	0.0175436
937	-7.83152	-7.75606	-9.54055	0.992222	0.00777801	0.00877023
938	-5.37445	-5.3074	-6.88264	0.990429	0.009571	0.0105614
939	-5.51995	-5.4758	-6.49684	0.983458	0.0165415	0.017525
940	-7.85324	-7.78236	-9.45323	0.991294	0.00870568	0.00969697
941	-8.59223	-8.52661	-10.0673	0.990096	0.00990403	0.0108941
942	-4.89516	-4.82324	-6.52035	0.991518	0.00848215	0.00947367
943	-5.74264	-5.67033	-7.37584	0.991588	0.00841176	0.00940334
944	-6.99481	-6.91131	-8.89575	0.993623	0.00637741	0.00737103
945	-4.15427	-4.07873	-5.86516	0.992237	0.00776306	0.00875529
946	-4.92629	-4.85764	-6.47236	0.990796	0.0092039	0.0101947
947	-4.15427	-4.07873	-5.86516	0.992237	0.00776306	0.00875529
948	-9.8507	-9.78407	-11.3493	0.990333	0.00966673	0.0106571
949	-4.38268	-4.31698	-5.85975	0.990116	0.00988369	0.0108738
950	-4.25422	-4.18935	-5.71197	0.989917	0.0100828	0.0110728
951	-9.12499	-9.05413	-10.7233	0.99128	0.00872021	0.00971149
952	-8.95535	-8.8862	-10.513	0.990906	0.00909439	0.0100853
953	-16.193	-19.9367	-14.7749	0.109319	0.890681	0.89079
954	-9.09861	-9.0278	-10.6961	0.991272	0.00872832	0.00971959
955	-8.1478	-8.08068	-9.65749	0.990444	0.00955612	0.0105466
956	-4.90095	-4.82742	-6.56445	0.991847	0.00815296	0.00914481
957	-7.19829	-7.13113	-8.70954	0.990459	0.00954099	0.0105314
958	-3.80885	-3.73096	-5.57675	0.992681	0.0073189	0.00831158
959	-8.77874	-8.7151	-10.2073	0.989608	0.0103916	0.0113812
960	-3.80885	-3.73096	-5.57675	0.992681	0.0073189	0.00831158
963	-6.7457	-6.68968	-7.9962	0.987515	0.0124848	0.0134723
964	-5.00549	-4.94188	-6.43314	0.989599	0.0104008	0.0113904
965	-5.28371	-5.2113	-6.92012	0.991616	0.00838422	0.00937583
966	-5.00894	-4.94379	-6.47296	0.989982	0.0100177	0.0110077
967	-5.37445	-5.3074	-6.88264	0.990429	0.009571	0.0105614
968	-8.15679	-8.08155	-9.86076	0.992181	0.00781885	0.00881103
969	-4.60168	-4.52614	-6.31233	0.992235	0.00776487	0.0087571
970	-13.5711	-17.3103	-11.9771	0.0937214	0.906279	0.906372
971	-5.5356	-5.46578	-7.1098	0.991059	0.00894051	0.00993157
972	-4.75749	-4.71339	-5.73328	0.98344	0.0165602	0.0175436
973	-8.87681	-8.80869	-10.4086	0.99066	0.00933953	0.0103302
974	-14.6118	-14.5518	-15.955	0.988653	0.0113466	0.0123352
975	-3.80885	-3.73096	-5.57675	0.992681	0.0073189	0.00831158
976	-7.56119	-7.51711	-8.53624	0.983427	0.0165727	0.0175562
977	-7.94833	-7.88011	-9.48522	0.990708	0.00929192	0.0102826
978	-4.17138	-4.12126	-5.28508	0.985628	0.0143723	0.0153579
979	-12.8981	-12.8541	-13.8699	0.983372	0.0166281	0.0176114
980	-10.0856	-10.018	-11.6057	0.990546	0.00945353	0.0104441
981	-12.6666	-12.6147	-13.8228	0.986243	0.0137574	0.0147437
982	-7.16252	-7.09345	-8.71827	0.990888	0.00911221	0.0101031
983	-8.78759	-8.7039	-10.6943	0.99366	0.00633967	0.00733333
984	-10.2577	-10.1904	-11.7713	0.990483	0.00951718	0.0105077
985	-4.12275	-4.05853	-5.5649	0.989754	0.0102464	0.0112361
986	-4.15238	-4.07842	-5.82554	0.991928	0.00807172	0.00906365
987	-11.7436	-11.6756	-13.2746	0.990652	0.00934801	0.0103387
988	-4.59978	-4.52583	-6.27271	0.991926	0.00807359	0.00906552
989	-7.05456	-6.98062	-8.72727	0.991925	0.00807546	0.00906739
990	-9.12499	-9.05973	-10.5877	0.989971	0.0100293	0.0110192
991	-4.89516	-4.82324	-6.52035	0.991518	0.00848215	0.00947367
992	-3.80885	-3.73096	-5.57675	0.992681	0.0073189	0.00831158
993	-3.8788	-3.82277	-5.12959	0.987519	0.0124811	0.0134687
994	-5.5336	-5.46547	-7.0677	0.990681	0.00931858	0.0103093
995	-8.73848	-8.69351	-9.73442	0.983779	0.0162213	0.0172051
996	-7.67046	-7.61037	-9.01542	0.988673	0.0113266	0.0123153
997	-4.17138	-4.12126	-5.28508	0.985628	0.0143723	0.0153579
998	-7.57534	-7.51164	-9.00544	0.989625	0.0103747	0.0113643
999	-11.2368	-11.1927	-12.2126	0.98344	0.0165598	0.0175433
1000	-5.71595	-5.65585	-7.0614	0.988679	0.011321	0.0123096
1001	-4.66833	-4.58459	-6.57622	0.993668	0.00633196	0.00732562
1002	-5.52088	-5.47683	-6.49527	0.983416	0.016584	0.0175674
1003	-13.3596	-13.3016	-14.6549	0.988078	0.0119216	0.0129097
1004	-7.93634	-7.87212	-9.37835	0.989752	0.0102479	0.0112376
1005	-14.8662	-14.8021	-16.3028	0.989695	0.010305	0.0112946
1006	-11.4817	-11.4195	-12.874	0.989214	0.0107856	0.0117748
1007	-13.7646	-17.5101	-12.2099	0.0965667	0.903433	0.90353
1008	-8.94561	-8.87853	-10.4546	0.990437	0.00956302	0.0105535
1009	-8.35029	-8.28352	-9.8526	0.99037	0.00962958	0.01062
1010	-10.4432	-10.3692	-12.1174	0.991937	0.008063	0.00905494
1011	-5.47739	-5.40879	-7.02201	0.990782	0.00921762	0.0102084
1012	-4.91976	-4.85226	-6.43852	0.990533	0.00946712	0.0104577
1013	-7.00501	-6.92312	-8.86803	0.993367	0.00663286	0.00762623
1014	-11.0003	-10.928	-12.6343	0.991594	0.0084058	0.0093974
1015	-4.15238	-4.07842	-5.82554	0.991928	0.00807172	0.00906365
1016	-5.28091	-5.22063	-6.63033	0.988725	0.0112747	0.0122634
1017	-4.17138	-4.12126	-5.28508	0.985628	0.0143723	0.0153579
1018	-4.7661	-4.69777	-6.30538	0.990731	0.00926898	0.0102597
1019	-3.80885	-3.73096	-5.57675	0.992681	0.0073189	0.00831158
1020	-10.5268	-10.4545	-12.1615	0.991601	0.00839929	0.00939089
1021	-13.0819	-13.0309	-14.2148	0.98591	0.0140901	0.015076
1022	-3.8788	-3.82277	-5.12959	0.987519	0.0124811	0.0134687
1023	-27.9102	-27.8423	-29.4394	0.990634	0.00936572	0.0103564
1024	-3.8788	-3.82277	-5.12959	0.987519	0.0124811	0.0134687
1025	-4.92629	-4.85764	-6.47236	0.990796	0.0092039	0.0101947
1026	-9.13572	-9.07789	-10.4289	0.988052	0.011948	0.0129361
1027	-4.75749	-4.71339	-5.73328	0.98344	0.0165602	0.0175436
1028	-17.2834	-17.2181	-18.7486	0.989996	0.0100043	0.0109943
1029	-5.3735	-5.30485	-6.91961	0.990796	0.00920355	0.0101943
1030	-3.8788	-3.82277	-5.12959	0.987519	0.0124811	0.0134687
1031	-16.398	-16.3299	-17.9309	0.99067	0.00933043	0.0103211
1032	-4.24895	-4.18561	-5.6707	0.989536	0.0104644	0.011454
1033	-9.26291	-9.1911	-10.8834	0.991477	0.00852284	0.00951432
1034	-8.95672	-8.88479	-10.582	0.991519	0.00848114	0.00947266
1035	-4.75749	-4.71339	-5.73328	0.98344	0.0165602	0.0175436
1036	-4.15427	-4.07873	-5.86516	0.992237	0.00776306	0.00875529
1037	-4.25422	-4.18935	-5.71197	0.989917	0.0100828	0.0110728
1038	-10.1467	-10.1068	-11.0248	0.981695	0.0183052	0.0192869
1039	-7.05456	-6.98062	-8.72727	0.991925	0.00807546	0.00906739
1052	-8.63405	-8.5686	-10.1085	0.990088	0.00991228	0.0109024
1053	-4.61504	-4.5491	-6.10125	0.990208	0.00979245	0.0107827
1054	-8.25483	-8.21204	-9.20195	0.982944	0.0170556	0.0180385
1055	-13.5187	-13.4573	-14.8944	0.989026	0.0109739	0.0119629
1056	-4.86164	-4.79781	-6.29781	0.989689	0.0103111	0.0113008
1057	-5.97918	-5.92585	-7.16846	0.986702	0.0132978	0.0142845
1058	-4.64778	-4.56822	-6.4597	0.993006	0.00699429	0.00798729
1059	-4.89603	-4.82883	-6.41108	0.990495	0.00950473	0.0104952
1060	-4.59529	-4.54076	-5.8135	0.987092	0.0129082	0.0138953
1061	-7.60343	-7.55972	-8.57131	0.983304	0.0166961	0.0176794
1062	-4.89603	-4.82883	-6.41108	0.990495	0.00950473	0.0104952
1063	-4.64579	-4.5893	-5.90971	0.987685	0.0123147	0.0133024
1064	-4.72885	-4.68598	-5.67779	0.982976	0.0170239	0.0180069
1065	-9.63048	-9.57344	-10.9099	0.987879	0.0121207	0.0131086
1066	-4.89953	-4.83283	-6.40285	0.990379	0.00962058	0.010611
1067	-4.90006	-4.83492	-6.36653	0.990006	0.00999353	0.0109835
1068	-3.80659	-3.73091	-5.52588	0.992302	0.00769756	0.00868986
1069	-4.15298	-4.10427	-5.23601	0.985166	0.0148338	0.015819
1070	-5.44706	-5.38041	-6.94892	0.990365	0.00963499	0.0106254
1071	-5.86156	-5.82288	-6.71484	0.981222	0.0187778	0.019759
1072	-3.80659	-3.73091	-5.52588	0.992302	0.00769756	0.00868986
1073	-8.80895	-8.7658	-9.76467	0.983094	0.0169061	0.0178892
1074	-6.98681	-6.92389	-8.4012	0.989455	0.0105453	0.0115348
1075	-21.3492	-21.2901	-22.6737	0.988431	0.0115691	0.0125575
1076	-15.6399	-15.5685	-17.2559	0.991436	0.00856436	0.0095558
1077	-4.13663	-4.06323	-5.80034	0.991848	0.00815227	0.00914412
1078	-7.33713	-7.27434	-8.74892	0.989426	0.0105739	0.0115633
1079	-12.5894	-12.527	-13.9918	0.989324	0.0106761	0.0116654
1080	-4.72885	-4.68598	-5.67779	0.982976	0.0170239	0.0180069
1081	-5.25579	-5.19722	-6.56798	0.988283	0.0117171	0.0127054
1082	-5.78859	-5.7238	-7.24668	0.98992	0.0100803	0.0110703
1083	-4.86186	-4.81794	-5.83488	0.983392	0.0166084	0.0175918
1084	-14.5495	-14.4843	-16.0175	0.990022	0.00997758	0.0109676
1085	-3.86231	-3.80786	-5.07869	0.987067	0.0129326	0.0139196
1086	-5.71548	-5.64522	-7.30355	0.991185	0.00881466	0.00980584
1087	-4.23097	-4.16942	-5.61358	0.989103	0.0108969	0.011886
1088	-5.51256	-5.44472	-7.04331	0.990648	0.00935217	0.0103428
1089	-3.86231	-3.80786	-5.07869	0.987067	0.0129326	0.0139196
1090	-10.5343	-10.4725	-11.9229	0.98917	0.0108302	0.0118193
1091	-4.15298	-4.10427	-5.23601	0.985166	0.0148338	0.015819
1092	-5.24354	-5.18513	-6.55186	0.988236	0.0117639	0.0127521
1093	-3.86231	-3.80786	-5.07869	0.987067	0.0129326	0.0139196
1094	-4.13663	-4.06323	-5.80034	0.991848	0.00815227	0.00914412
1095	-7.97608	-7.92163	-9.19246	0.987067	0.0129325	0.0139196
1096	-6.72921	-6.67477	-7.94531	0.987064	0.0129364	0.0139234
1097	-10.4074	-10.3463	-11.7802	0.988992	0.0110085	0.0119975
1098	-4.15298	-4.10427	-5.23601	0.985166	0.0148338	0.015819
1099	-11.8656	-11.8001	-13.3399	0.990088	0.00991206	0.0109021
1100	-19.9847	-19.923	-21.3704	0.989137	0.0108627	0.0118519
1101	-6.5861	-6.52371	-7.98805	0.989318	0.0106815	0.0116708
1102	-31.6797	-31.6145	-33.1495	0.99004	0.00996027	0.0109503
1103	-4.10599	-4.04359	-5.50839	0.989323	0.0106767	0.011666
1104	-13.7341	-13.6684	-15.2138	0.990142	0.00985791	0.0108481
1105	-8.63178	-8.5673	-10.0834	0.989852	0.0101483	0.0111382
1106	-9.43009	-9.37169	-10.7382	0.988234	0.011766	0.0127543
1107	-8.27772	-8.22129	-9.54015	0.987666	0.0123335	0.0133212
1108	-4.88143	-4.81154	-6.46191	0.991116	0.00888445	0.00987557
1109	-4.15298	-4.10427	-5.23601	0.985166	0.0148338	0.015819
1110	-19.7461	-19.6877	-21.054	0.98823	0.0117695	0.0127577
1111	-4.64854	-4.56719	-6.50376	0.993312	0.006688	0.00768131
1112	-5.69079	-5.63238	-6.99911	0.988236	0.0117639	0.0127521
1113	-5.34727	-5.28213	-6.81378	0.990007	0.00999317	0.0109832
1114	-9.44012	-9.3751	-10.9044	0.989984	0.0100163	0.0110062
1115	-10.6639	-10.6094	-11.8803	0.987067	0.0129325	0.0139196
1116	-7.64063	-7.59691	-8.60872	0.983308	0.0166924	0.0176757
1117	-11.5191	-11.4755	-12.4839	0.983251	0.0167494	0.0177327
1118	-12.8339	-12.7696	-14.281	0.989804	0.0101959	0.0111857
1119	-12.5682	-12.4878	-14.4009	0.993154	0.00684553	0.00783868
1120	-4.64579	-4.5893	-5.90971	0.987685	0.0123147	0.0133024
1121	-4.36584	-4.30199	-5.80219	0.989691	0.0103092	0.0112989
1122	-5.25579	-5.19722	-6.56798	0.988283	0.0117171	0.0127054
1123	-5.24354	-5.18513	-6.55186	0.988236	0.0117639	0.0127521
1124	-4.36584	-4.30199	-5.80219	0.989691	0.0103092	0.0112989
1125	-4.86186	-4.81794	-5.83488	0.983392	0.0166084	0.0175918
1126	-4.90006	-4.83492	-6.36653	0.990006	0.00999353	0.0109835
1127	-8.71834	-8.65185	-10.2171	0.990334	0.0096663	0.0106566
1128	-7.09313	-7.03073	-8.4955	0.989323	0.010677	0.0116663
1129	-6.11549	-6.0531	-7.51758	0.98932	0.01068	0.0116693
1130	-4.88747	-4.81602	-6.50519	0.991451	0.00854918	0.00954063
1131	-4.74633	-4.67994	-6.24318	0.990315	0.0096854	0.0106757
1132	-5.44447	-5.37623	-6.98396	0.990732	0.00926779	0.0102585
1133	-4.2365	-4.17346	-5.65411	0.989489	0.0105106	0.0115001
1134	-8.81286	-8.74767	-10.2804	0.990017	0.00998291	0.0109729
1135	-10.6538	-10.5869	-12.161	0.990418	0.00958169	0.0105721
1136	-4.61504	-4.5491	-6.10125	0.990208	0.00979245	0.0107827
1137	-4.72885	-4.68598	-5.67779	0.982976	0.0170239	0.0180069
1138	-4.36584	-4.30199	-5.80219	0.989691	0.0103092	0.0112989
1139	-4.98836	-4.92506	-6.41202	0.989555	0.0104451	0.0114346
1140	-4.88747	-4.81602	-6.50519	0.991451	0.00854918	0.00954063
1141	-7.75234	-7.69002	-9.15186	0.989292	0.010708	0.0116973
1142	-4.6095	-4.54505	-6.06071	0.989847	0.0101525	0.0111424
1172	-4.72716	-4.66266	-6.18293	0.989894	0.0101064	0.0110963
1173	-7.71038	-7.65485	-8.9509	0.987385	0.0126146	0.013602
1174	-4.08973	-4.02911	-5.45363	0.988889	0.0111106	0.0120995
1175	-4.56432	-4.49453	-6.14651	0.99113	0.00887025	0.00986138
1176	-7.57112	-7.50626	-9.03509	0.989979	0.0100211	0.0110111
1177	-7.80201	-7.73152	-9.39972	0.991271	0.00872884	0.00972011
1178	-4.87581	-4.81055	-6.34909	0.990075	0.00992516	0.0109152
1179	-9.28781	-9.21717	-10.8892	0.991304	0.00869596	0.00968726
1180	-15.0654	-18.8137	-13.3845	0.0858796	0.91412	0.914206
