Sites	Ll	Ll_YN98.omega_1=0.0126821	Ll_YN98.omega_1=1	Ll_YN98.omega_1=30.2323	Pr_YN98.omega_1=0.0126821	Pr_YN98.omega_1=1	Pr_YN98.omega_1=30.2323	mean
129	-3.79458	-3.75023	-5.37938	-35.522	0.999218	0.000782476	3.14842e-17	0.0134547
130	-17.2692	-18.721	-15.6806	-36.1665	0.922926	0.0770745	4.84598e-11	0.0887792
131	-27.14	-30.4226	-23.0187	-40.1032	0.132299	0.867701	1.63705e-08	0.86938
132	-12.5763	-12.542	-13.7937	-32.7829	0.998859	0.00114093	3.20435e-12	0.0138086
133	-30.2537	-33.3225	-25.8896	-40.9677	0.129007	0.870993	1.22202e-07	0.872633
134	-15.1041	-15.0695	-16.3159	-36.4964	0.998853	0.001147	9.7869e-13	0.0138146
135	-10.2178	-10.1759	-11.7128	-37.3983	0.999142	0.000858006	2.97719e-15	0.0135292
136	-14.0008	-14.8239	-11.78	-31.9308	0.922675	0.0773252	6.79698e-11	0.0890267
137	-13.4886	-13.4523	-14.6845	-34.9699	0.998837	0.00116332	8.93835e-13	0.0138307
138	-23.092	-23.7085	-20.5742	-38.0633	0.91597	0.0840302	1.05778e-09	0.0956467
139	-26.3171	-28.22	-20.4529	-33.9977	0.0958768	0.904123	5.87793e-07	0.905356
140	-4.106	-4.07294	-5.09044	-25.8975	0.998558	0.00144152	6.5737e-13	0.0141054
141	-20.6399	-21.2331	-18.1969	-37.0397	0.923213	0.0767874	2.49643e-10	0.0884957
142	-4.106	-4.07294	-5.09044	-25.8975	0.998558	0.00144152	6.5737e-13	0.0141054
143	-4.106	-4.07294	-5.09044	-25.8975	0.998558	0.00144152	6.5737e-13	0.0141054
144	-23.2342	-24.9702	-17.6249	-34.5733	0.139178	0.860822	1.86095e-08	0.862588
145	-27.1598	-28.5103	-25.5041	-43.143	0.925318	0.0746817	8.09327e-10	0.0864168
146	-12.7904	-14.2203	-11.0818	-29.4157	0.915646	0.0843538	4.56232e-10	0.0959661
147	-22.4393	-24.179	-16.6188	-30.8022	0.115357	0.884643	3.03644e-07	0.886115
148	-33.6286	-37.2055	-25.4795	-39.0561	0.00201947	0.99798	6.28407e-07	0.998025
149	-16.9538	-17.9854	-15.0354	-32.8209	0.929116	0.0708844	6.63437e-10	0.0826676
150	-10.7626	-10.7257	-12.0038	-33.3666	0.998889	0.00111115	2.90701e-13	0.0137792
151	-4.92294	-4.8843	-6.20021	-31.1899	0.99893	0.00107	7.44515e-15	0.0137385
152	-32.8006	-34.9232	-26.7278	-38.849	0.0646239	0.935374	2.52461e-06	0.93627
153	-6.58905	-6.54685	-8.08337	-34.4696	0.999142	0.000858357	1.47802e-15	0.0135296
154	-13.4042	-14.8557	-11.8155	-32.7648	0.922932	0.0770679	3.0485e-11	0.0887726
155	-7.60821	-7.56982	-8.89629	-32.7079	0.998941	0.00105878	2.39308e-14	0.0137275
156	-11.952	-11.9145	-13.2293	-34.4353	0.998929	0.00107125	3.27815e-13	0.0137398
157	-11.9102	-12.1759	-9.25805	-33.6624	0.931197	0.0688027	8.5968e-13	0.0806123
158	-19.5212	-21.0989	-13.6843	-32.719	0.131076	0.868924	2.33179e-09	0.870586
159	-4.05437	-4.01632	-5.33014	-29.5031	0.998928	0.00107224	1.68844e-14	0.0137408
160	-7.87074	-7.83304	-9.14692	-32.7883	0.998928	0.00107218	2.87286e-14	0.0137407
161	-5.17185	-5.13556	-6.3707	-28.6976	0.99884	0.0011599	1.1571e-13	0.0138273
162	-9.28368	-9.24894	-10.4958	-30.259	0.998854	0.00114639	1.48483e-12	0.013814
163	-4.07938	-4.03729	-5.59345	-32.6142	0.999158	0.00084168	7.68375e-16	0.0135131
164	-9.05542	-9.01698	-10.396	-32.887	0.998995	0.00100458	8.5047e-14	0.013674
165	-8.78455	-8.75002	-9.9459	-30.4688	0.998794	0.0012063	7.30927e-13	0.0138731
166	-4.07659	-4.03501	-5.55686	-32.2818	0.999129	0.000871029	1.06885e-15	0.0135421
167	-4.05988	-4.02116	-5.34772	-29.8787	0.998941	0.00105867	1.16548e-14	0.0137274
168	-4.08251	-4.04017	-5.57678	-32.7163	0.999142	0.000858277	6.95799e-16	0.0135295
169	-4.8149	-4.77567	-6.13455	-30.6367	0.998975	0.00102504	1.1614e-14	0.0136942
170	-10.4042	-10.3656	-11.7128	-34.6106	0.998963	0.00103705	5.84532e-14	0.013706
171	-4.106	-4.07294	-5.09044	-25.8975	0.998558	0.00144152	6.5737e-13	0.0141054
172	-10.875	-10.8368	-12.1634	-35.367	0.998941	0.00105865	4.39473e-14	0.0137273
173	-4.65113	-4.62049	-5.51856	-24.9297	0.998376	0.0016241	2.99124e-12	0.0142856
174	-9.09718	-9.05624	-10.5546	-34.851	0.999108	0.00089173	1.2412e-14	0.0135625
175	-7.94335	-7.90486	-9.23493	-33.321	0.998945	0.00105497	1.81205e-14	0.0137237
176	-3.55236	-3.51368	-4.84037	-29.1764	0.998941	0.00105855	1.41614e-14	0.0137272
177	-11.1789	-11.1369	-12.6836	-38.9255	0.99915	0.000849614	1.69015e-15	0.013521
178	-8.3608	-8.32192	-9.67874	-33.4778	0.998973	0.00102716	2.35078e-14	0.0136962
179	-7.74859	-7.71595	-8.74572	-28.488	0.998576	0.00142395	1.88338e-12	0.014088
180	-4.68667	-4.64633	-6.06639	-31.5805	0.999036	0.00096427	3.97157e-15	0.0136342
181	-11.1927	-11.1593	-12.2192	-31.9214	0.998618	0.00138173	1.90224e-12	0.0140463
182	-4.08519	-4.04234	-5.61359	-33.0577	0.999171	0.000829077	4.95622e-16	0.0135007
183	-4.31902	-4.27983	-5.63888	-29.9504	0.998975	0.00102488	1.40504e-14	0.013694
184	-9.24682	-9.21621	-10.1143	-29.5012	0.998376	0.0016241	3.06453e-12	0.0142856
185	-3.55236	-3.51368	-4.84037	-29.1764	0.998941	0.00105855	1.41614e-14	0.0137272
186	-3.79625	-3.75055	-5.40462	-36.2657	0.999237	0.000763235	1.49707e-17	0.0134357
187	-4.69254	-4.65159	-6.05795	-31.824	0.999022	0.000977552	3.12962e-15	0.0136473
188	-15.8423	-17.5103	-14.3141	-33.806	0.911086	0.0889141	1.51052e-10	0.100469
189	-9.53213	-9.49203	-10.8715	-35.5991	0.998996	0.00100413	9.08145e-15	0.0136735
190	-14.284	-14.2563	-15.1303	-30.2702	0.998336	0.00166356	2.1941e-10	0.0143246
191	-14.9552	-14.9224	-16.0023	-34.8413	0.998646	0.00135447	4.42051e-12	0.0140194
192	-4.59703	-4.55937	-5.77625	-29.9809	0.998819	0.00118125	1.80223e-14	0.0138484
193	-11.7779	-13.2491	-10.2285	-31.7421	0.924317	0.0756827	1.70283e-11	0.087405
194	-4.06874	-4.0289	-5.37582	-30.4887	0.998963	0.00103736	6.3816e-15	0.0137063
195	-18.1607	-18.1175	-19.6786	-46.5542	0.999162	0.000837506	8.84071e-16	0.013509
196	-5.62894	-5.59109	-6.84878	-29.5352	0.998866	0.00113407	7.89631e-14	0.0138018
197	-10.654	-10.6122	-12.1017	-36.82	0.9991	0.000899708	8.21177e-15	0.0135704
198	-10.1851	-10.1537	-11.0775	-30.2956	0.998417	0.00158288	3.53584e-12	0.0142449
199	-7.93242	-7.89146	-9.33193	-33.791	0.999055	0.00094481	1.11766e-14	0.0136149
200	-10.1903	-10.1615	-10.9886	-28.0341	0.998257	0.0017434	3.4201e-11	0.0144034
201	-11.3055	-11.2658	-12.669	-34.782	0.999019	0.000980665	1.21164e-13	0.0136503
202	-11.5277	-11.4898	-12.8251	-33.585	0.998951	0.0010495	5.01716e-13	0.0137183
203	-16.2999	-16.2688	-17.2206	-35.3591	0.998461	0.00153924	1.01214e-11	0.0142018
204	-3.56122	-3.52143	-4.86847	-29.7864	0.998963	0.00103724	7.75428e-15	0.0137062
205	-4.32794	-4.2876	-5.6675	-30.575	0.998996	0.00100374	7.58247e-15	0.0136731
206	-14.1204	-14.0998	-15.1576	-30.3931	0.998615	0.00138473	1.65983e-10	0.0140493
207	-9.26477	-9.234	-10.2854	-28.5338	0.998607	0.00139349	8.20941e-12	0.0140579
208	-9.34111	-9.30195	-10.6086	-35.9254	0.99892	0.00107992	5.41811e-15	0.0137483
209	-9.18538	-9.15163	-10.1883	-31.2206	0.998586	0.00141416	5.14861e-13	0.0140783
210	-4.57695	-4.53533	-5.96524	-32.6941	0.999045	0.000954834	1.16713e-15	0.0136248
211	-5.45485	-5.41296	-6.88673	-32.9795	0.999086	0.000913896	2.11026e-15	0.0135844
212	-5.64642	-5.6041	-7.13162	-32.1959	0.999134	0.000866109	5.5934e-15	0.0135372
213	-5.64642	-5.6041	-7.13162	-32.1959	0.999134	0.000866109	5.5934e-15	0.0135372
214	-12.887	-12.85	-14.1061	-34.9205	0.998864	0.0011358	5.14177e-13	0.0138035
215	-5.28052	-5.23975	-6.68584	-30.4725	0.99906	0.000939525	2.17717e-14	0.0136097
216	-5.64581	-5.6041	-7.09331	-31.8061	0.9991	0.000899902	8.25989e-15	0.0135706
217	-3.79625	-3.75055	-5.40462	-36.2657	0.999237	0.000763235	1.49707e-17	0.0134357
218	-5.28052	-5.23975	-6.68584	-30.4725	0.99906	0.000939525	2.17717e-14	0.0136097
219	-8.2911	-8.25658	-9.41241	-28.1628	0.998744	0.00125553	4.47729e-12	0.0139217
220	-3.82285	-3.78579	-4.95739	-29.223	0.998764	0.0012359	1.77396e-14	0.0139023
221	-5.37251	-5.33207	-6.77674	-29.87	0.999059	0.000940855	4.36132e-14	0.013611
222	-4.06874	-4.0289	-5.37582	-30.4887	0.998963	0.00103736	6.3816e-15	0.0137063
223	-5.37048	-5.32947	-6.81029	-30.2258	0.999093	0.000907476	3.04774e-14	0.0135781
224	-4.69254	-4.65159	-6.05795	-31.824	0.999022	0.000977552	3.12962e-15	0.0136473
225	-4.82381	-4.78343	-6.16317	-31.2613	0.998996	0.00100391	6.26763e-15	0.0136733
226	-4.85485	-4.81092	-6.36503	-35.1754	0.999157	0.000843402	1.28593e-16	0.0135148
227	-7.47004	-7.4387	-8.3501	-27.6565	0.998397	0.00160262	3.27753e-12	0.0142644
228	-9.28429	-9.24243	-10.7154	-36.7352	0.999085	0.000914635	2.27178e-15	0.0135852
229	-8.09208	-8.05239	-9.45093	-31.4939	0.999015	0.000985221	1.30557e-13	0.0136548
230	-4.59847	-4.55241	-6.29131	-34.4565	0.999299	0.000701204	2.03817e-16	0.0133744
231	-4.84891	-4.80782	-6.26686	-30.9409	0.999073	0.000927438	8.84884e-15	0.0135978
232	-4.93378	-4.89402	-6.23012	-31.7975	0.998951	0.00104863	4.09476e-15	0.0137175
233	-4.82381	-4.78343	-6.16317	-31.2613	0.998996	0.00100391	6.26763e-15	0.0136733
234	-8.58734	-8.55595	-9.4678	-29.1625	0.998398	0.00160189	2.22193e-12	0.0142637
235	-4.06874	-4.0289	-5.37582	-30.4887	0.998963	0.00103736	6.3816e-15	0.0137063
236	-4.32794	-4.2876	-5.6675	-30.575	0.998996	0.00100374	7.58247e-15	0.0136731
237	-4.57129	-4.53023	-5.92648	-32.2915	0.999013	0.000987481	1.73679e-15	0.0136571
238	-7.14707	-7.10603	-8.56272	-32.9549	0.99907	0.000929618	1.17576e-14	0.0135999
239	-6.13045	-6.09084	-7.43761	-31.472	0.998962	0.00103751	1.8766e-14	0.0137065
240	-4.53953	-4.49586	-6.05585	-34.0813	0.999162	0.000838464	2.8027e-16	0.0135099
241	-3.79625	-3.75055	-5.40462	-36.2657	0.999237	0.000763235	1.49707e-17	0.0134357
242	-4.8333	-4.79315	-6.20379	-29.5651	0.999027	0.000973382	3.4512e-14	0.0136432
243	-5.37048	-5.32947	-6.81029	-30.2258	0.999093	0.000907476	3.04774e-14	0.0135781
244	-4.59703	-4.55937	-5.77625	-29.9809	0.998819	0.00118125	1.80223e-14	0.0138484
245	-3.56122	-3.52143	-4.86847	-29.7864	0.998963	0.00103724	7.75428e-15	0.0137062
246	-4.54205	-4.49784	-6.09301	-34.4338	0.99919	0.000809501	1.97403e-16	0.0134814
247	-4.06874	-4.0289	-5.37582	-30.4887	0.998963	0.00103736	6.3816e-15	0.0137063
261	-24.41	-27.2868	-20.022	-38.8306	0.149096	0.850904	2.86278e-09	0.852795
262	-4.85485	-4.81092	-6.36503	-35.1754	0.999157	0.000843402	1.28593e-16	0.0135148
263	-8.87255	-8.83218	-10.2644	-32.7348	0.999047	0.000952655	8.23246e-14	0.0136227
264	-4.83323	-4.7925	-6.23854	-29.9326	0.99906	0.000939561	2.38856e-14	0.0136098
265	-4.09205	-4.04843	-5.60862	-33.4222	0.999162	0.000838294	3.4635e-16	0.0135098
266	-4.57129	-4.53023	-5.92648	-32.2915	0.999013	0.000987481	1.73679e-15	0.0136571
267	-4.57129	-4.53023	-5.92648	-32.2915	0.999013	0.000987481	1.73679e-15	0.0136571
268	-11.9602	-11.918	-13.442	-38.4182	0.999131	0.000869114	6.13013e-15	0.0135402
269	-8.75106	-8.71068	-10.0757	-35.8303	0.998981	0.00101875	3.29899e-15	0.0136879
270	-4.81338	-4.78124	-5.71509	-26.5121	0.998433	0.00156709	7.21877e-13	0.0142293
271	-4.8333	-4.79315	-6.20379	-29.5651	0.999027	0.000973382	3.4512e-14	0.0136432
272	-3.79695	-3.75068	-5.41454	-36.5622	0.999244	0.0007558	1.11308e-17	0.0134283
273	-5.28613	-5.24544	-6.66454	-30.3638	0.999035	0.000965195	2.44097e-14	0.0136351
274	-11.5796	-12.3726	-9.66611	-37.3442	0.943567	0.0564325	2.66967e-14	0.0683989
275	-5.23712	-5.19284	-6.73805	-35.3198	0.999149	0.000850938	1.63083e-16	0.0135223
276	-8.84412	-8.80755	-10.0402	-31.6382	0.998837	0.00116278	2.40444e-13	0.0138301
277	-7.20766	-7.16757	-8.52674	-33.2298	0.998975	0.00102475	9.4976e-15	0.0136939
278	-25.1973	-25.1555	-26.6081	-52.2599	0.999067	0.000933379	3.34961e-15	0.0136037
279	-7.84101	-7.80105	-9.15603	-33.9546	0.998971	0.00102904	8.66848e-15	0.0136981
280	-5.55853	-5.51455	-7.08652	-34.5127	0.999172	0.000828482	5.04257e-16	0.0135001
281	-4.69669	-4.65524	-6.06996	-32.0795	0.999031	0.000969427	2.43283e-15	0.0136392
282	-12.2882	-13.7589	-10.7462	-32.6879	0.924867	0.075133	1.10173e-11	0.0868623
283	-4.85326	-4.81165	-6.27941	-31.2057	0.999081	0.000919396	6.81596e-15	0.0135899
284	-7.76805	-7.72984	-8.97018	-31.8908	0.998846	0.0011539	6.35702e-14	0.0138214
285	-9.47858	-9.44896	-10.3657	-26.535	0.998406	0.0015941	7.51043e-11	0.014256
286	-6.74559	-6.70841	-7.88666	-30.9835	0.998772	0.00122772	5.67108e-14	0.0138943
287	-4.93808	-4.89784	-6.24189	-32.0407	0.99896	0.00104035	3.22331e-15	0.0137093
288	-9.52071	-9.47918	-10.952	-34.3424	0.999085	0.000914736	3.15045e-14	0.0135853
289	-4.11941	-4.08509	-5.1243	-26.5585	0.998589	0.00141061	3.43603e-13	0.0140748
290	-3.56475	-3.52447	-4.87952	-30.0307	0.998971	0.00102897	6.0922e-15	0.013698
291	-4.33148	-4.29065	-5.67876	-30.8252	0.999004	0.00099555	5.92226e-15	0.013665
292	-11.0799	-11.0476	-11.9868	-32.8531	0.998441	0.00155865	6.69931e-13	0.014221
293	-5.18666	-5.14848	-6.41364	-29.0055	0.998874	0.00112564	8.61513e-14	0.0137935
294	-11.7654	-11.7305	-12.8868	-31.8493	0.998745	0.00125489	3.62011e-12	0.0139211
295	-4.65794	-4.62501	-5.58607	-26.9648	0.998475	0.00152509	3.9267e-13	0.0141879
296	-4.94203	-4.9012	-6.27941	-32.4504	0.998995	0.00100544	2.14692e-15	0.0136748
297	-10.0141	-9.96699	-11.7578	-40.4151	0.999334	0.000665756	1.18301e-16	0.0133394
298	-6.09652	-6.05642	-7.4112	-31.6608	0.998971	0.00102925	1.50124e-14	0.0136983
299	-4.85326	-4.81165	-6.27941	-31.2057	0.999081	0.000919396	6.81596e-15	0.0135899
300	-4.191	-4.1507	-5.49046	-31.128	0.998955	0.00104481	3.80349e-15	0.0137137
301	-14.8266	-16.3804	-13.325	-35.7485	0.921848	0.0781522	7.07821e-12	0.0898432
302	-4.60366	-4.5564	-6.34753	-35.1532	0.999334	0.000665541	1.0196e-16	0.0133392
303	-15.6552	-17.317	-13.874	-30.6455	0.888956	0.111044	2.86495e-09	0.122318
304	-15.4886	-17.1834	-14.0857	-33.4058	0.918745	0.0812547	1.63921e-10	0.0929063
305	-5.20335	-5.16609	-6.35046	-29.4043	0.99878	0.00122025	5.88427e-14	0.0138869
306	-8.65635	-8.61538	-10.0104	-35.0328	0.999011	0.000988677	6.65854e-15	0.0136583
307	-3.82953	-3.79164	-4.97685	-29.6403	0.998781	0.00121922	1.17566e-14	0.0138859
308	-4.84395	-4.80222	-6.26518	-30.4491	0.999076	0.000923811	1.43889e-14	0.0135942
309	-4.07564	-4.03486	-5.39747	-30.9673	0.998979	0.00102123	3.97831e-15	0.0136904
310	-7.33731	-7.29688	-8.65955	-33.4865	0.998979	0.00102117	8.36181e-15	0.0136903
311	-4.65834	-4.62508	-5.59157	-27.1291	0.998483	0.00151684	3.33197e-13	0.0141797
312	-4.12306	-4.08838	-5.13347	-26.7393	0.998598	0.00140235	2.87709e-13	0.0140667
313	-3.56813	-3.52739	-4.89013	-30.265	0.998979	0.0010211	4.8339e-15	0.0136903
314	-7.57023	-7.53976	-8.46148	-26.091	0.998414	0.00158618	1.73512e-11	0.0142482
315	-4.10187	-4.05662	-5.67058	-34.3447	0.999206	0.000794441	1.38822e-16	0.0134665
316	-12.0138	-11.9697	-13.5579	-40.6794	0.999185	0.000815127	6.72818e-16	0.0134869
317	-31.4863	-32.961	-25.4849	-41.6268	0.124235	0.875765	4.24108e-08	0.877342
318	-7.11579	-7.07534	-8.43798	-33.2327	0.998979	0.0010212	8.63532e-15	0.0136904
319	-9.1568	-9.11627	-10.4789	-35.8607	0.998979	0.00102126	4.80075e-15	0.0136904
320	-10.8696	-10.8301	-12.0593	-37.1336	0.998833	0.00116678	7.46033e-15	0.0138341
321	-6.56164	-6.52714	-7.5725	-28.5537	0.998598	0.00140197	5.37152e-13	0.0140663
322	-7.77295	-7.7343	-8.98187	-32.1128	0.998854	0.0011456	5.11425e-14	0.0138132
323	-8.35905	-8.31858	-9.68148	-34.8256	0.998979	0.00102093	6.08747e-15	0.0136901
324	-13.7553	-13.7143	-15.1401	-37.7548	0.999041	0.000958718	7.17242e-14	0.0136287
325	-7.53275	-7.50222	-8.42391	-26.0624	0.998414	0.00158624	1.7197e-11	0.0142482
326	-16.0132	-17.4699	-14.5432	-37.1337	0.930631	0.0693691	5.31653e-12	0.0811715
327	-16.69	-16.6483	-18.0964	-42.4214	0.999062	0.000937663	1.26825e-14	0.0136079
328	-9.22529	-9.19324	-10.1156	-30.2062	0.998415	0.00158513	1.47986e-12	0.0142471
329	-9.99627	-9.95841	-11.1436	-35.7847	0.998781	0.00121922	1.20219e-14	0.0138859
330	-4.07564	-4.03486	-5.39747	-30.9673	0.998979	0.00102123	3.97831e-15	0.0136904
331	-7.65273	-7.6118	-8.98942	-33.9118	0.998994	0.00100604	7.48756e-15	0.0136754
332	-12.2593	-12.2172	-13.6511	-40.154	0.999049	0.000950974	1.45717e-15	0.013621
333	-11.981	-13.0329	-10.0123	-32.4401	0.924317	0.0756835	6.82482e-12	0.0874057
334	-18.2693	-18.2281	-19.6862	-42.2103	0.999072	0.000928245	7.60303e-14	0.0135986
335	-12.4269	-12.385	-13.8451	-38.6306	0.999073	0.000926534	7.90736e-15	0.0135969
336	-4.54696	-4.50222	-6.08038	-34.635	0.999177	0.000823378	1.62131e-16	0.0134951
337	-3.79763	-3.7508	-5.42406	-36.8467	0.999251	0.00074873	8.37616e-18	0.0134214
338	-8.21449	-8.17331	-9.60527	-33.5533	0.999047	0.000952866	1.87893e-14	0.0136229
339	-11.571	-11.5241	-13.2834	-41.2497	0.999313	0.000687051	2.43662e-16	0.0133605
340	-7.04602	-7.00089	-8.60913	-36.6637	0.999201	0.000798993	2.59398e-16	0.013471
341	-7.64618	-7.60769	-8.87961	-30.9821	0.998882	0.00111807	1.39598e-13	0.013786
342	-6.13736	-6.09681	-7.45927	-31.9506	0.998979	0.00102138	1.16984e-14	0.0136905
343	-11.1551	-11.1078	-12.8877	-40.8502	0.999327	0.000673034	2.39609e-16	0.0133466
344	-3.56813	-3.52739	-4.89013	-30.265	0.998979	0.0010211	4.8339e-15	0.0136903
345	-11.2679	-11.2266	-12.6619	-36.6551	0.99905	0.000949755	1.78997e-14	0.0136198
346	-13.7254	-13.681	-15.2784	-42.2601	0.999192	0.000807655	7.66667e-16	0.0134795
347	-4.09948	-4.0548	-5.63316	-33.9759	0.999177	0.00082321	2.00347e-16	0.0134949
348	-8.78405	-8.75395	-9.67624	-27.2179	0.998415	0.00158529	1.89352e-11	0.0142473
349	-8.15439	-8.112	-9.55221	-35.8412	0.999055	0.000945054	1.79345e-15	0.0136152
350	-3.79763	-3.7508	-5.42406	-36.8467	0.999251	0.00074873	8.37616e-18	0.0134214
351	-4.33488	-4.29359	-5.68956	-31.0651	0.999012	0.000987748	4.67262e-15	0.0136573
352	-7.35078	-7.30825	-8.75057	-35.5131	0.999057	0.000943062	1.1146e-15	0.0136132
353	-3.56813	-3.52739	-4.89013	-30.265	0.998979	0.0010211	4.8339e-15	0.0136903
354	-6.56164	-6.52714	-7.5725	-28.5537	0.998598	0.00140197	5.37152e-13	0.0140663
355	-9.28831	-9.25052	-10.4357	-34.9933	0.998781	0.0012192	1.30698e-14	0.0138859
356	-8.94767	-8.90327	-10.4829	-37.2568	0.999178	0.000822194	9.6067e-16	0.0134939
357	-11.8611	-13.2631	-10.5656	-38.4856	0.944045	0.0559552	2.07855e-14	0.0679277
358	-24.1716	-24.139	-25.1082	-43.7445	0.998487	0.00151267	6.04663e-12	0.0141756
359	-3.56813	-3.52739	-4.89013	-30.265	0.998979	0.0010211	4.8339e-15	0.0136903
360	-4.07564	-4.03486	-5.39747	-30.9673	0.998979	0.00102123	3.97831e-15	0.0136904
361	-13.0452	-13.7679	-10.9343	-35.5667	0.936405	0.0635951	6.32562e-13	0.0754707
362	-12.2315	-12.1892	-13.6167	-40.2059	0.999043	0.000957182	1.34537e-15	0.0136272
363	-4.10187	-4.05662	-5.67058	-34.3447	0.999206	0.000794441	1.38822e-16	0.0134665
364	-7.95918	-7.9186	-9.28536	-34.4286	0.998983	0.001017	6.06947e-15	0.0136862
365	-4.54792	-4.50284	-6.11295	-34.888	0.999202	0.000797504	1.25971e-16	0.0134695
366	-10.1626	-10.1242	-11.3982	-33.7101	0.998884	0.00111584	1.1299e-13	0.0137838
367	-34.9425	-36.4964	-33.5781	-54.465	0.931173	0.0688268	2.89799e-11	0.080636
368	-5.1896	-5.15117	-6.42064	-29.137	0.998879	0.0011208	7.57372e-14	0.0137887
369	-4.07428	-4.03369	-5.39323	-30.8728	0.998976	0.00102437	4.36716e-15	0.0136935
370	-4.19314	-4.15258	-5.49689	-31.2666	0.99896	0.00104008	3.31757e-15	0.013709
371	-5.56064	-5.51634	-7.09366	-34.6745	0.999176	0.000824063	4.2966e-16	0.0134957
372	-8.15281	-8.11062	-9.54754	-35.74	0.999052	0.000948168	1.98172e-15	0.0136183
373	-8.16425	-8.12238	-9.59409	-34.5683	0.999084	0.00091577	6.47174e-15	0.0135863
374	-11.9401	-11.8983	-13.3232	-39.179	0.99904	0.000959642	2.80853e-15	0.0136296
375	-5.28932	-5.24835	-6.67229	-30.5109	0.999039	0.000960532	2.11311e-14	0.0136305
376	-16.8517	-18.544	-15.718	-40.7832	0.936855	0.0631453	4.07403e-13	0.0750266
377	-5.5623	-5.51752	-7.13305	-35.0069	0.999207	0.000793197	3.08552e-16	0.0134653
378	-9.69263	-9.65508	-10.8357	-35.3291	0.998775	0.00122484	1.39994e-14	0.0138914
379	-4.54687	-4.50195	-6.10942	-34.8068	0.9992	0.000799615	1.36501e-16	0.0134716
380	-23.1133	-23.0722	-24.5142	-48.6339	0.999057	0.000943325	1.56675e-14	0.0136135
381	-3.82726	-3.78966	-4.97026	-29.4984	0.998775	0.00122484	1.35222e-14	0.0138914
382	-7.57427	-7.53259	-9.02293	-32.8337	0.999101	0.000898885	2.03327e-14	0.0135696
383	-6.09755	-6.05732	-7.41448	-31.732	0.998973	0.00102681	1.39931e-14	0.0136959
384	-5.37836	-5.33668	-6.82899	-30.5744	0.999103	0.00089712	2.16638e-14	0.0135679
385	-7.20226	-7.16213	-8.52275	-32.9865	0.998977	0.00102326	1.20475e-14	0.0136924
386	-4.54443	-4.50007	-6.07208	-34.4464	0.999172	0.000828453	1.95373e-16	0.0135001
387	-10.7085	-10.6722	-12.0288	-31.364	0.998973	0.00102736	2.04152e-12	0.0136964
388	-10.0484	-10.0081	-11.4058	-34.4939	0.999014	0.000986049	4.59461e-14	0.0136557
389	-9.34598	-9.31414	-10.2336	-29.8615	0.99841	0.00158981	2.3575e-12	0.0142518
390	-4.67319	-4.64134	-5.56015	-25.5719	0.998409	0.0015908	1.607e-12	0.0142527
391	-19.4655	-21.1602	-18.2607	-38.6273	0.932367	0.0676327	4.79124e-11	0.0794571
392	-5.5623	-5.51752	-7.13305	-35.0069	0.999207	0.000793197	3.08552e-16	0.0134653
393	-11.0567	-11.0159	-12.4375	-36.1156	0.999037	0.000962766	2.48696e-14	0.0136327
394	-8.26931	-8.23953	-9.16908	-26.6173	0.998426	0.00157384	2.06379e-11	0.014236
395	-4.94328	-4.90231	-6.28294	-32.5231	0.998997	0.00100301	1.99875e-15	0.0136724
396	-3.82726	-3.78966	-4.97026	-29.4984	0.998775	0.00122484	1.35222e-14	0.0138914
397	-4.85256	-4.80852	-6.33853	-35.1204	0.999136	0.00086396	1.35549e-16	0.0135351
398	-15.536	-15.5054	-16.3738	-34.5013	0.998327	0.00167285	1.11221e-11	0.0143338
399	-4.07329	-4.03284	-5.39014	-30.8042	0.998973	0.00102666	4.67342e-15	0.0136958
400	-9.38302	-9.33865	-10.9038	-39.7113	0.999166	0.000834165	1.27548e-16	0.0135057
401	-16.377	-18.0854	-15.222	-39.8547	0.934607	0.0653934	6.50204e-13	0.0772462
402	-14.6981	-14.658	-16.0908	-39.9048	0.999048	0.000952109	2.14663e-14	0.0136222
403	-8.75714	-8.71329	-10.2471	-38.49	0.999139	0.000860724	2.3147e-16	0.0135319
404	-5.37836	-5.33668	-6.82899	-30.5744	0.999103	0.00089712	2.16638e-14	0.0135679
405	-4.33252	-4.29156	-5.6821	-30.8981	0.999007	0.000993131	5.5108e-15	0.0136627
406	-4.84031	-4.79893	-6.25617	-30.2727	0.999071	0.000929111	1.71089e-14	0.0135994
407	-4.67319	-4.64134	-5.56015	-25.5719	0.998409	0.0015908	1.607e-12	0.0142527
408	-5.59893	-5.5602	-6.82271	-31.0825	0.998871	0.00112862	1.62951e-14	0.0137964
409	-4.81978	-4.7872	-5.72822	-26.7345	0.998444	0.00155592	5.81361e-13	0.0142183
410	-14.1322	-14.094	-15.3622	-37.3421	0.998878	0.00112227	1.58396e-13	0.0137902
411	-13.338	-13.3097	-14.2366	-28.3924	0.998422	0.00157797	5.56816e-10	0.0142401
412	-3.79715	-3.75071	-5.41748	-36.6491	0.999246	0.000753607	1.02054e-17	0.0134262
413	-4.69791	-4.65632	-6.07352	-32.154	0.999033	0.000967027	2.26058e-15	0.0136369
414	-4.54687	-4.50195	-6.10942	-34.8068	0.9992	0.000799615	1.36501e-16	0.0134716
415	-7.80311	-7.75907	-9.33131	-36.9195	0.999172	0.00082826	4.28702e-16	0.0134999
416	-3.79715	-3.75071	-5.41748	-36.6491	0.999246	0.000753607	1.02054e-17	0.0134262
417	-7.33497	-7.29486	-8.65222	-33.3234	0.998973	0.0010266	9.82296e-15	0.0136957
418	-18.6897	-18.6604	-19.5877	-36.4313	0.998423	0.00157739	3.78644e-11	0.0142395
419	-4.55998	-4.52236	-5.70439	-30.1379	0.998777	0.0012231	1.48426e-14	0.0138897
420	-6.86168	-6.82091	-8.20606	-32.6045	0.999002	0.00099849	1.25495e-14	0.0136679
421	-6.60349	-6.55932	-8.13144	-35.5405	0.999172	0.000828361	5.12849e-16	0.0135
422	-4.57095	-4.52988	-5.92512	-32.2682	0.999012	0.000988477	1.77701e-15	0.0136581
423	-24.29	-25.7795	-22.9425	-48.202	0.936206	0.0637939	3.38933e-13	0.075667
424	-14.9758	-16.5723	-13.6212	-33.8453	0.929042	0.0709584	5.79705e-11	0.0827406
425	-16.5601	-17.7723	-14.7865	-34.4603	0.926715	0.0732854	1.03795e-10	0.0850381
426	-5.55961	-5.51547	-7.0902	-34.595	0.999174	0.000826201	4.64819e-16	0.0134978
427	-4.07329	-4.03284	-5.39014	-30.8042	0.998973	0.00102666	4.67342e-15	0.0136958
428	-10.0704	-10.0259	-11.6297	-39.5435	0.999197	0.000802548	2.9993e-16	0.0134745
429	-3.82726	-3.78966	-4.97026	-29.4984	0.998775	0.00122484	1.35222e-14	0.0138914
430	-8.90822	-8.87086	-10.0689	-32.7472	0.998796	0.00120365	8.45017e-14	0.0138705
431	-8.60108	-8.56376	-9.74749	-32.6919	0.998779	0.00122103	6.56854e-14	0.0138877
432	-10.4571	-10.4227	-11.4654	-32.9393	0.998594	0.00140565	3.29058e-13	0.0140699
433	-10.1848	-10.1439	-11.5362	-36.8522	0.999009	0.000991363	4.9773e-15	0.0136609
434	-4.1216	-4.08706	-5.1298	-26.6665	0.998594	0.00140565	3.09027e-13	0.0140699
435	-3.79832	-3.75094	-5.43556	-37.1792	0.99926	0.000740284	6.00779e-18	0.013413
436	-5.19741	-5.15837	-6.43939	-29.4807	0.998892	0.00110795	5.41003e-14	0.013776
437	-4.85782	-4.81292	-6.35931	-35.6109	0.99915	0.000849924	8.33608e-17	0.0135213
438	-3.79832	-3.75094	-5.43556	-37.1792	0.99926	0.000740284	6.00779e-18	0.013413
439	-5.44382	-5.41136	-6.34082	-26.6	0.998426	0.00157397	1.24152e-12	0.0142361
440	-9.32994	-9.29039	-10.6423	-34.095	0.998968	0.00103223	3.34024e-14	0.0137013
441	-9.63827	-9.60423	-10.8316	-31.1557	0.998831	0.00116894	8.6403e-13	0.0138362
442	-4.61236	-4.56394	-6.37755	-35.8176	0.999349	0.00065076	5.28616e-17	0.0133246
443	-12.5793	-12.5423	-13.7812	-35.2818	0.998844	0.00115552	2.63382e-13	0.013823
444	-6.75273	-6.71473	-7.90769	-31.4269	0.99879	0.00120982	3.66311e-14	0.0138766
445	-10.3167	-10.2719	-11.8184	-40.9355	0.99915	0.000849884	9.53548e-17	0.0135212
446	-15.3764	-15.3454	-16.2746	-34.1208	0.998425	0.00157452	1.38674e-11	0.0142367
447	-3.57211	-3.53092	-4.90293	-30.5364	0.998988	0.00101169	3.69783e-15	0.013681
448	-11.4219	-11.3895	-12.3182	-32.6129	0.998425	0.00157521	1.19904e-12	0.0142373
449	-5.2409	-5.19612	-6.75183	-35.6279	0.999158	0.00084205	1.20231e-16	0.0135135
450	-4.33888	-4.29712	-5.7026	-31.343	0.999022	0.000978416	3.55158e-15	0.0136481
451	-13.8005	-13.7554	-15.3759	-43.7547	0.999211	0.000789269	1.85287e-16	0.0134614
452	-14.7447	-14.7046	-15.9464	-41.231	0.998848	0.00115222	5.96969e-15	0.0138197
453	-6.14134	-6.10033	-7.47207	-32.222	0.998988	0.00101196	8.94903e-15	0.0136812
454	-22.4127	-24.0978	-21.1026	-42.2726	0.926076	0.0739243	2.34512e-11	0.0856689
455	-4.86233	-4.81975	-6.30597	-31.7496	0.999097	0.000902591	3.98886e-15	0.0135733
456	-3.57211	-3.53092	-4.90293	-30.5364	0.998988	0.00101169	3.69783e-15	0.013681
457	-4.10376	-4.05856	-5.64766	-34.2901	0.999186	0.000814422	1.46881e-16	0.0134862
458	-12.7296	-12.6976	-13.6636	-32.1143	0.998482	0.00151751	7.30272e-12	0.0141804
459	-5.6448	-5.60564	-6.88667	-30.2405	0.998892	0.00110794	3.9578e-14	0.013776
460	-3.57211	-3.53092	-4.90293	-30.5364	0.998988	0.00101169	3.69783e-15	0.013681
461	-4.58169	-4.53919	-5.96127	-33.0701	0.999038	0.00096233	8.04481e-16	0.0136322
462	-3.79832	-3.75094	-5.43556	-37.1792	0.99926	0.000740284	6.00779e-18	0.013413
463	-8.02627	-7.98305	-9.50279	-34.922	0.999127	0.000872864	3.95273e-15	0.0135439
464	-13.6447	-13.5997	-15.2069	-42.0985	0.9992	0.000799827	8.30829e-16	0.0134718
465	-8.27727	-8.23939	-9.43316	-32.8793	0.998791	0.00120883	3.93763e-14	0.0138756
466	-4.1274	-4.09235	-5.14454	-26.9505	0.998608	0.00139244	2.33873e-13	0.0140569
467	-9.86762	-9.8252	-11.2583	-37.7797	0.999048	0.000951793	1.43163e-15	0.0136218
468	-8.12115	-8.07617	-9.66861	-37.7104	0.999188	0.00081171	2.66921e-16	0.0134835
469	-5.23709	-5.19289	-6.71401	-35.2406	0.999128	0.000871658	1.76519e-16	0.0135427
470	-8.03686	-7.99188	-9.58078	-37.7368	0.999185	0.00081458	2.38965e-16	0.0134864
471	-4.85782	-4.81292	-6.35931	-35.6109	0.99915	0.000849924	8.33608e-17	0.0135213
472	-4.82873	-4.79558	-5.74667	-27.0429	0.99846	0.00154035	4.30682e-13	0.0142029
473	-4.85049	-4.8089	-6.24579	-30.3527	0.999052	0.00094819	1.59505e-14	0.0136183
474	-5.46586	-5.43357	-6.36248	-26.2638	0.998425	0.00157484	1.77669e-12	0.014237
475	-4.85017	-4.80796	-6.28092	-30.7389	0.999085	0.000914631	1.08315e-14	0.0135851
476	-7.74121	-7.70213	-8.95716	-32.3152	0.998863	0.0011371	4.04505e-14	0.0138048
477	-3.57211	-3.53092	-4.90293	-30.5364	0.998988	0.00101169	3.69783e-15	0.013681
478	-4.68363	-4.65123	-5.57988	-25.8741	0.998425	0.00157525	1.19972e-12	0.0142374
479	-4.10376	-4.05856	-5.64766	-34.2901	0.999186	0.000814422	1.46881e-16	0.0134862
480	-9.04168	-8.99929	-10.4217	-37.3905	0.999038	0.000962054	9.25076e-16	0.013632
481	-3.79832	-3.75094	-5.43556	-37.1792	0.99926	0.000740284	6.00779e-18	0.013413
482	-3.57211	-3.53092	-4.90293	-30.5364	0.998988	0.00101169	3.69783e-15	0.013681
483	-5.39164	-5.34973	-6.82133	-30.6765	0.999084	0.000915875	1.98182e-14	0.0135864
484	-4.07962	-4.03838	-5.41027	-31.2388	0.998988	0.00101181	3.04288e-15	0.0136811
485	-13.4917	-14.6651	-10.8216	-30.978	0.842856	0.157144	1.37362e-10	0.167833
486	-17.0752	-17.033	-18.5295	-41.4454	0.999107	0.000893351	4.94495e-14	0.0135641
487	-8.3205	-8.27503	-9.89895	-38.4892	0.999213	0.000786574	1.49466e-16	0.0134587
488	-4.10376	-4.05856	-5.64766	-34.2901	0.999186	0.000814422	1.46881e-16	0.0134862
489	-10.8649	-10.825	-12.2437	-37.7986	0.999035	0.000965494	3.8179e-15	0.0136354
490	-8.20946	-8.16747	-9.62119	-34.5731	0.999068	0.000932378	6.73751e-15	0.0136027
491	-4.83475	-4.79295	-6.19826	-32.0294	0.999021	0.000978582	2.93548e-15	0.0136483
492	-12.7698	-12.7285	-14.1604	-37.222	0.999047	0.000952984	4.55979e-14	0.013623
493	-4.61158	-4.56379	-6.33498	-35.4212	0.999321	0.000678935	7.85642e-17	0.0133524
494	-8.23206	-8.19969	-9.12858	-28.9179	0.998425	0.00157487	1.98713e-12	0.014237
495	-7.34129	-7.30041	-8.67235	-33.7579	0.998988	0.00101175	6.3966e-15	0.013681
496	-8.03686	-7.99188	-9.58078	-37.7368	0.999185	0.00081458	2.38965e-16	0.0134864
497	-12.6874	-14.0274	-11.2442	-36.1921	0.939339	0.0606615	4.40117e-13	0.0725743
498	-4.96625	-4.92538	-6.25749	-32.6586	0.998947	0.00105282	1.78598e-15	0.0137216
499	-4.86378	-4.81827	-6.4011	-36.0401	0.99918	0.000819536	5.45653e-17	0.0134913
500	-8.99501	-8.95611	-10.1949	-35.0031	0.998844	0.00115573	9.64223e-15	0.0138232
501	-7.56957	-7.52849	-8.89172	-34.5542	0.998979	0.0010206	3.62389e-15	0.0136898
502	-9.1882	-9.14368	-10.698	-39.0993	0.999157	0.000843203	1.93559e-16	0.0135146
503	-4.94709	-4.90595	-6.26681	-32.5443	0.998977	0.00102302	1.96375e-15	0.0136922
504	-5.66361	-5.61974	-7.17568	-33.0477	0.999158	0.000841864	2.42425e-15	0.0135133
505	-4.1274	-4.09235	-5.14454	-26.9505	0.998608	0.00139244	2.33873e-13	0.0140569
506	-6.78977	-6.75178	-7.94477	-31.4685	0.99879	0.00120979	3.64631e-14	0.0138766
507	-4.10376	-4.05856	-5.64766	-34.2901	0.999186	0.000814422	1.46881e-16	0.0134862
508	-5.66361	-5.61974	-7.17568	-33.0477	0.999158	0.000841864	2.42425e-15	0.0135133
509	-4.85049	-4.8089	-6.24579	-30.3527	0.999052	0.00094819	1.59505e-14	0.0136183
510	-7.97226	-7.92956	-9.39512	-35.4526	0.999079	0.000921424	2.204e-15	0.0135919
511	-3.79832	-3.75094	-5.43556	-37.1792	0.99926	0.000740284	6.00779e-18	0.013413
512	-4.55123	-4.50598	-6.09488	-34.9494	0.999185	0.00081459	1.18846e-16	0.0134864
513	-4.68363	-4.65123	-5.57988	-25.8741	0.998425	0.00157525	1.19972e-12	0.0142374
514	-4.85049	-4.8089	-6.24579	-30.3527	0.999052	0.00094819	1.59505e-14	0.0136183
515	-5.66324	-5.62001	-7.13692	-32.6375	0.999125	0.000875346	3.65448e-15	0.0135464
516	-5.66361	-5.61974	-7.17568	-33.0477	0.999158	0.000841864	2.42425e-15	0.0135133
517	-4.86378	-4.81827	-6.4011	-36.0401	0.99918	0.000819536	5.45653e-17	0.0134913
518	-6.75273	-6.71473	-7.90769	-31.4269	0.99879	0.00120982	3.66311e-14	0.0138766
519	-7.05021	-7.00456	-8.62379	-36.9847	0.99921	0.000790271	1.88883e-16	0.0134624
520	-4.94709	-4.90595	-6.26681	-32.5443	0.998977	0.00102302	1.96375e-15	0.0136922
521	-4.86378	-4.81827	-6.4011	-36.0401	0.99918	0.000819536	5.45653e-17	0.0134913
522	-3.8334	-3.7951	-4.98835	-29.8794	0.998791	0.00120947	9.28843e-15	0.0138762
523	-8.06607	-8.02031	-9.64659	-38.23	0.999215	0.000784723	1.50135e-16	0.0134569
524	-5.19938	-5.16017	-6.44406	-29.5696	0.998895	0.00110477	4.9587e-14	0.0137729
525	-4.85227	-4.80987	-6.28615	-30.841	0.999088	0.000911604	9.79829e-15	0.0135822
595	-7.71719	-7.67043	-9.27794	-39.1417	0.9992	0.000799582	4.25181e-17	0.0134716
596	-18.3711	-23.1079	-19.3265	-39.8444	0.8509	0.1491	9.07911e-11	0.159892
597	-11.3555	-11.3195	-12.4141	-33.6439	0.998665	0.00133466	3.98834e-13	0.0139999
598	-8.3302	-8.28393	-9.90328	-38.9972	0.99921	0.000790176	9.07384e-17	0.0134623
599	-6.66064	-6.61842	-8.01615	-33.55	0.999014	0.000986019	3.98184e-15	0.0136556
600	-7.50656	-7.47334	-8.41922	-28.7031	0.998452	0.00154838	1.19151e-12	0.0142109
601	-13.2605	-13.2275	-14.2104	-33.0046	0.998508	0.0014922	5.09346e-12	0.0141554
602	-14.3714	-14.3316	-15.7148	-36.6159	0.999	0.00100039	4.15283e-13	0.0136698
603	-7.62824	-7.58136	-9.23515	-38.441	0.999237	0.000763446	7.83873e-17	0.0134359
604	-4.11778	-4.07064	-5.72653	-35.5435	0.999238	0.000761842	4.2451e-17	0.0134343
605	-4.96077	-4.91842	-6.30519	-33.2883	0.999003	0.000996883	9.44999e-16	0.0136664
606	-4.56316	-4.51656	-6.13571	-35.8112	0.99921	0.000790337	5.07359e-17	0.0134624
607	-4.84593	-4.8029	-6.23497	-32.7914	0.999047	0.000952767	1.38376e-15	0.0136228
608	-4.65994	-4.6254	-5.61691	-27.8561	0.998521	0.00147942	1.61105e-13	0.0141428
609	-7.37118	-7.32693	-8.82002	-36.1342	0.999104	0.000896418	6.10216e-16	0.0135672
610	-8.47846	-8.43525	-9.91244	-35.7429	0.999089	0.000910772	2.73399e-15	0.0135813
611	-4.09075	-4.0483	-5.44631	-31.9839	0.999014	0.000985753	1.45889e-15	0.0136554
612	-4.56316	-4.51656	-6.13571	-35.8112	0.99921	0.000790337	5.07359e-17	0.0134624
613	-6.66064	-6.61842	-8.01615	-33.55	0.999014	0.000986019	3.98184e-15	0.0136556
614	-4.1157	-4.06914	-5.6885	-35.1512	0.99921	0.000790171	6.27501e-17	0.0134623
615	-14.2911	-14.242	-16.0771	-45.3142	0.999363	0.000636897	6.33827e-17	0.0133109
616	-7.97687	-7.93819	-9.15699	-32.3773	0.998821	0.00117899	4.81339e-14	0.0138462
617	-3.80015	-3.75135	-5.46796	-38.0969	0.999283	0.000716997	2.40076e-18	0.01339
618	-4.84466	-4.81059	-5.77973	-27.5814	0.998487	0.00151284	2.55164e-13	0.0141758
619	-5.25145	-5.20533	-6.79065	-36.4741	0.999182	0.000817512	5.20632e-17	0.0134893
620	-5.2138	-5.17361	-6.47905	-30.177	0.998919	0.00108126	2.738e-14	0.0137497
621	-4.8676	-4.82414	-6.32524	-31.5232	0.999111	0.000889267	5.02424e-15	0.0135601
622	-15.1477	-15.1075	-16.4127	-39.7833	0.998919	0.00108148	3.79915e-14	0.0137499
623	-17.203	-17.1588	-18.7109	-43.609	0.999155	0.000845087	6.44441e-15	0.0135165
624	-4.72264	-4.67834	-6.17487	-33.8363	0.999107	0.00089334	4.29756e-16	0.0135641
625	-21.7213	-23.4129	-20.3956	-40.6483	0.924546	0.0754544	5.9899e-11	0.0871796
626	-3.80015	-3.75135	-5.46796	-38.0969	0.999283	0.000716997	2.40076e-18	0.01339
627	-4.59767	-4.55331	-6.03735	-34.2879	0.999095	0.000904558	2.41414e-16	0.0135752
628	-13.0939	-13.0654	-14.0045	-29.609	0.998441	0.00155888	1.29199e-10	0.0142212
629	-4.70225	-4.66894	-5.61523	-26.4002	0.998452	0.00154775	7.21627e-13	0.0142102
630	-4.65994	-4.6254	-5.61691	-27.8561	0.998521	0.00147942	1.61105e-13	0.0141428
631	-4.11778	-4.07064	-5.72653	-35.5435	0.999238	0.000761842	4.2451e-17	0.0134343
632	-8.50857	-8.46945	-9.68536	-34.8895	0.998818	0.0011824	6.6396e-15	0.0138495
633	-4.11778	-4.07064	-5.72653	-35.5435	0.999238	0.000761842	4.2451e-17	0.0134343
634	-4.9644	-4.92141	-6.34345	-33.7272	0.999038	0.000962369	6.11126e-16	0.0136323
635	-4.96077	-4.91842	-6.30519	-33.2883	0.999003	0.000996883	9.44999e-16	0.0136664
636	-4.71854	-4.67489	-6.13458	-33.3893	0.999073	0.00092684	6.69597e-16	0.0135972
637	-7.60199	-7.55911	-9.02658	-33.9434	0.99908	0.000919655	6.88325e-15	0.0135901
638	-6.5405	-6.50463	-7.57711	-29.3024	0.998635	0.00136451	2.48431e-13	0.0140293
639	-4.59767	-4.55331	-6.03735	-34.2879	0.999095	0.000904558	2.41414e-16	0.0135752
640	-4.1157	-4.06914	-5.6885	-35.1512	0.99921	0.000790171	6.27501e-17	0.0134623
641	-4.09075	-4.0483	-5.44631	-31.9839	0.999014	0.000985753	1.45889e-15	0.0136554
642	-4.87847	-4.83526	-6.31163	-32.1554	0.999088	0.000911518	2.69989e-15	0.0135821
643	-8.63416	-8.6009	-9.54721	-30.0156	0.998452	0.00154772	9.90281e-13	0.0142102
644	-4.87847	-4.83526	-6.31163	-32.1554	0.999088	0.000911518	2.69989e-15	0.0135821
645	-5.68117	-5.63666	-7.18252	-33.4501	0.99915	0.000850378	1.6487e-15	0.0135217
646	-11.3667	-11.3216	-12.9014	-39.4529	0.999178	0.000821999	1.1997e-15	0.0134937
647	-3.58325	-3.54085	-4.93898	-31.2811	0.999014	0.000985627	1.77366e-15	0.0136552
648	-4.1157	-4.06914	-5.6885	-35.1512	0.99921	0.000790171	6.27501e-17	0.0134623
649	-8.25026	-8.20695	-9.68918	-35.535	0.999094	0.000906206	2.67855e-15	0.0135768
650	-9.43688	-9.39287	-10.8518	-38.7228	0.999072	0.000927513	3.61823e-16	0.0135979
651	-4.09075	-4.0483	-5.44631	-31.9839	0.999014	0.000985753	1.45889e-15	0.0136554
652	-12.6352	-12.5985	-13.7935	-33.6592	0.998793	0.00120734	1.41137e-12	0.0138741
653	-5.22028	-5.18153	-6.39665	-30.293	0.998817	0.00118333	2.45713e-14	0.0138504
654	-4.8676	-4.82414	-6.32524	-31.5232	0.999111	0.000889267	5.02424e-15	0.0135601
655	-13.6459	-13.602	-15.066	-41.4635	0.999077	0.00092291	1.57134e-15	0.0135933
656	-4.72264	-4.67834	-6.17487	-33.8363	0.999107	0.00089334	4.29756e-16	0.0135641
657	-4.8682	-4.82536	-6.2897	-31.1206	0.999077	0.000922542	7.52439e-15	0.013593
658	-5.58001	-5.53295	-7.19698	-36.3982	0.999244	0.000755676	7.79498e-17	0.0134282
659	-4.96077	-4.91842	-6.30519	-33.2883	0.999003	0.000996883	9.44999e-16	0.0136664
660	-12.8392	-12.7953	-14.2904	-41.1974	0.999105	0.000894611	9.15081e-16	0.0135654
661	-3.84425	-3.80485	-5.02076	-30.542	0.998818	0.00118241	4.83534e-15	0.0138495
662	-7.03277	-6.98632	-8.60537	-37.4504	0.99921	0.00079041	1.16418e-16	0.0134625
663	-5.68128	-5.6361	-7.22176	-33.8784	0.999183	0.000817233	1.07372e-15	0.013489
664	-4.62313	-4.58306	-5.84602	-31.347	0.998872	0.00112812	4.70766e-15	0.0137959
665	-4.21064	-4.16823	-5.55052	-32.3749	0.998999	0.00100135	1.11254e-15	0.0136708
666	-7.75752	-7.7173	-8.9969	-33.0172	0.99889	0.00110952	2.03546e-14	0.0137776
667	-17.8188	-26.5658	-19.4776	-42.4694	0.172921	0.827079	4.24338e-11	0.829272
668	-13.2541	-14.7092	-11.7305	-34.4259	0.927192	0.0728082	5.02408e-12	0.084567
669	-12.937	-12.8901	-14.549	-43.0931	0.99924	0.000759617	1.51158e-16	0.0134321
670	-8.31972	-8.27459	-9.86725	-38.2454	0.999188	0.000811534	1.90646e-16	0.0134834
671	-5.40872	-5.36493	-6.90225	-31.8469	0.999142	0.000857668	6.24309e-15	0.0135289
672	-4.8676	-4.82414	-6.32524	-31.5232	0.999111	0.000889267	5.02424e-15	0.0135601
673	-8.58396	-8.55284	-9.49897	-27.8497	0.998452	0.00154799	8.23232e-12	0.0142105
674	-5.2138	-5.17361	-6.47905	-30.177	0.998919	0.00108126	2.738e-14	0.0137497
675	-8.75076	-8.7175	-9.66376	-30.2997	0.998452	0.00154779	8.37565e-13	0.0142103
676	-8.45477	-8.4111	-9.87531	-36.8608	0.999077	0.000922656	8.725e-16	0.0135931
677	-5.9495	-5.91279	-7.10594	-27.0482	0.99879	0.00120959	1.30983e-12	0.0138764
678	-9.41584	-9.36948	-10.9888	-40.3092	0.99921	0.000790172	7.23497e-17	0.0134623
679	-7.17422	-7.13043	-8.64272	-34.5502	0.999121	0.000879385	2.44403e-15	0.0135503
680	-4.216	-4.17296	-5.5902	-32.8268	0.999033	0.000966991	7.11405e-16	0.0136368
681	-7.37769	-7.33408	-8.79575	-35.7176	0.999075	0.000925004	9.32259e-16	0.0135954
682	-4.62492	-4.57567	-6.38065	-36.3659	0.999344	0.000656397	3.09117e-17	0.0133302
683	-4.56316	-4.51656	-6.13571	-35.8112	0.99921	0.000790337	5.07359e-17	0.0134624
684	-5.24785	-5.20232	-6.75238	-36.07	0.999153	0.000846821	7.775e-17	0.0135182
685	-7.03277	-6.98632	-8.60537	-37.4504	0.99921	0.00079041	1.16418e-16	0.0134625
686	-9.39254	-9.35009	-10.8038	-34.466	0.999068	0.000932415	2.4469e-14	0.0136027
687	-3.80015	-3.75135	-5.46796	-38.0969	0.999283	0.000716997	2.40076e-18	0.01339
688	-5.61608	-5.57547	-6.87582	-32.1844	0.998913	0.00108676	5.49729e-15	0.0137551
689	-4.72264	-4.67834	-6.17487	-33.8363	0.999107	0.00089334	4.29756e-16	0.0135641
690	-4.9644	-4.92141	-6.34345	-33.7272	0.999038	0.000962369	6.11126e-16	0.0136323
691	-5.68117	-5.63666	-7.18252	-33.4501	0.99915	0.000850378	1.6487e-15	0.0135217
692	-4.59232	-4.54857	-5.99767	-33.8502	0.999063	0.000936693	3.72218e-16	0.0136069
693	-4.87283	-4.82595	-6.43886	-36.9077	0.999205	0.00079528	2.30914e-17	0.0134673
694	-9.08162	-9.04159	-10.3039	-35.7647	0.998871	0.0011288	4.90376e-15	0.0137966
695	-5.46303	-5.42967	-6.37678	-27.1278	0.998454	0.00154648	7.45908e-13	0.014209
696	-7.58325	-7.54096	-8.9301	-35.2981	0.999005	0.000994523	1.74389e-15	0.013664
697	-4.84466	-4.81059	-5.77973	-27.5814	0.998487	0.00151284	2.55164e-13	0.0141758
698	-13.3327	-13.2898	-14.7592	-39.6547	0.999082	0.000917889	7.01756e-15	0.0135884
699	-4.87606	-4.83222	-6.34686	-32.5362	0.999123	0.000877322	1.8394e-15	0.0135483
700	-8.94641	-8.90329	-10.391	-34.4032	0.999099	0.000901267	1.66673e-14	0.013572
701	-8.65839	-8.61596	-10.008	-36.9018	0.999008	0.000991649	1.02779e-15	0.0136612
702	-5.9495	-5.91279	-7.10594	-27.0482	0.99879	0.00120959	1.30983e-12	0.0138764
703	-8.07634	-8.02943	-9.683	-38.9972	0.999236	0.000763608	7.03478e-17	0.013436
704	-9.08166	-9.03705	-10.5618	-37.8257	0.999131	0.000868504	6.21761e-16	0.0135396
705	-4.35007	-4.30708	-5.73932	-32.1047	0.999047	0.000952602	1.67482e-15	0.0136226
706	-4.11778	-4.07064	-5.72653	-35.5435	0.999238	0.000761842	4.2451e-17	0.0134343
707	-8.25949	-8.21702	-9.60992	-36.0829	0.999009	0.000990791	1.56421e-15	0.0136603
708	-17.7125	-17.6816	-18.6273	-36.3299	0.998451	0.00154861	1.57468e-11	0.0142111
709	-9.45274	-9.41279	-10.7181	-34.1708	0.998919	0.00108143	3.49957e-14	0.0137498
710	-4.70225	-4.66894	-5.61523	-26.4002	0.998452	0.00154775	7.21627e-13	0.0142102
711	-7.55798	-7.52622	-8.47181	-26.7782	0.998451	0.00154884	8.61084e-12	0.0142113
712	-4.70225	-4.66894	-5.61523	-26.4002	0.998452	0.00154775	7.21627e-13	0.0142102
713	-8.94067	-8.89687	-10.4335	-35.4223	0.999142	0.000858285	5.97748e-15	0.0135295
714	-3.84425	-3.80485	-5.02076	-30.542	0.998818	0.00118241	4.83534e-15	0.0138495
715	-3.80015	-3.75135	-5.46796	-38.0969	0.999283	0.000716997	2.40076e-18	0.01339
716	-9.72099	-9.68223	-10.898	-34.8006	0.998817	0.00118259	2.4403e-14	0.0138497
717	-4.11778	-4.07064	-5.72653	-35.5435	0.999238	0.000761842	4.2451e-17	0.0134343
718	-10.7678	-10.7299	-12.1018	-32.3323	0.998988	0.00101181	8.21261e-13	0.0136811
719	-4.09075	-4.0483	-5.44631	-31.9839	0.999014	0.000985753	1.45889e-15	0.0136554
720	-11.4692	-11.4246	-12.9794	-39.2323	0.999157	0.000842792	1.6582e-15	0.0135142
721	-14.1012	-14.056	-15.61	-44.3819	0.999156	0.000843532	1.33668e-16	0.013515
722	-3.80015	-3.75135	-5.46796	-38.0969	0.999283	0.000716997	2.40076e-18	0.01339
723	-7.21972	-7.1776	-8.57893	-34.1657	0.999018	0.000982484	3.76296e-15	0.0136521
724	-3.84425	-3.80485	-5.02076	-30.542	0.998818	0.00118241	4.83534e-15	0.0138495
725	-5.2138	-5.17361	-6.47905	-30.177	0.998919	0.00108126	2.738e-14	0.0137497
726	-9.2217	-9.18031	-10.5867	-35.145	0.999023	0.000977488	1.04711e-14	0.0136472
727	-10.9461	-10.9065	-12.1295	-37.7698	0.998826	0.00117406	4.26229e-15	0.0138413
728	-5.66117	-5.62087	-6.92631	-30.9381	0.998919	0.00108125	2.0005e-14	0.0137497
729	-4.8676	-4.82414	-6.32524	-31.5232	0.999111	0.000889267	5.02424e-15	0.0135601
730	-15.6345	-15.6017	-16.5873	-35.566	0.998512	0.00148815	4.22369e-12	0.0141514
731	-9.41802	-9.37517	-10.84	-35.6896	0.999078	0.000922052	7.38076e-15	0.0135925
732	-5.58001	-5.53295	-7.19698	-36.3982	0.999244	0.000755676	7.79498e-17	0.0134282
733	-5.22028	-5.18153	-6.39665	-30.293	0.998817	0.00118333	2.45713e-14	0.0138504
734	-3.80015	-3.75135	-5.46796	-38.0969	0.999283	0.000716997	2.40076e-18	0.01339
735	-4.68302	-4.63695	-6.20222	-36.5389	0.999166	0.000834047	2.76408e-17	0.0135056
736	-7.6684	-7.62834	-8.93334	-31.9331	0.998918	0.00108173	5.50594e-14	0.0137501
737	-13.4214	-13.3824	-14.5984	-39.4834	0.998818	0.00118227	9.13462e-15	0.0138494
738	-8.06558	-8.02592	-9.26425	-33.4684	0.998844	0.00115622	1.76485e-14	0.0138237
739	-5.68117	-5.63666	-7.18252	-33.4501	0.99915	0.000850378	1.6487e-15	0.0135217
740	-5.57768	-5.53131	-7.15329	-35.9545	0.999212	0.000788098	1.21271e-16	0.0134602
741	-4.56526	-4.51806	-6.17374	-36.1995	0.999238	0.000762004	3.44606e-17	0.0134345
742	-7.97687	-7.93819	-9.15699	-32.3773	0.998821	0.00117899	4.81339e-14	0.0138462
743	-4.11778	-4.07064	-5.72653	-35.5435	0.999238	0.000761842	4.2451e-17	0.0134343
744	-9.82643	-9.78675	-11.0865	-34.9519	0.998913	0.00108738	2.32897e-14	0.0137557
745	-11.2186	-11.1752	-12.6738	-37.8294	0.999109	0.000891497	5.25477e-15	0.0135623
746	-11.8887	-11.844	-13.4121	-39.7205	0.999168	0.000831704	1.54792e-15	0.0135033
747	-8.74034	-8.69694	-10.1926	-35.446	0.999106	0.000894145	4.77944e-15	0.0135649
748	-4.59232	-4.54857	-5.99767	-33.8502	0.999063	0.000936693	3.72218e-16	0.0136069
749	-7.37118	-7.32693	-8.82002	-36.1342	0.999104	0.000896418	6.10216e-16	0.0135672
750	-4.13956	-4.10353	-5.17571	-27.5335	0.998635	0.00136491	1.3202e-13	0.0140297
751	-8.9391	-8.89622	-10.3614	-35.3165	0.999078	0.000921787	6.63954e-15	0.0135922
752	-4.59232	-4.54857	-5.99767	-33.8502	0.999063	0.000936693	3.72218e-16	0.0136069
753	-3.80015	-3.75135	-5.46796	-38.0969	0.999283	0.000716997	2.40076e-18	0.01339
754	-3.58325	-3.54085	-4.93898	-31.2811	0.999014	0.000985627	1.77366e-15	0.0136552
755	-4.09075	-4.0483	-5.44631	-31.9839	0.999014	0.000985753	1.45889e-15	0.0136554
756	-5.9495	-5.91279	-7.10594	-27.0482	0.99879	0.00120959	1.30983e-12	0.0138764
757	-9.36324	-9.321	-10.7191	-36.9633	0.999014	0.000985642	1.95612e-15	0.0136553
758	-5.31487	-5.27137	-6.77252	-32.0639	0.999111	0.000889232	4.57604e-15	0.0135601
759	-3.58325	-3.54085	-4.93898	-31.2811	0.999014	0.000985627	1.77366e-15	0.0136552
760	-4.71854	-4.67489	-6.13458	-33.3893	0.999073	0.00092684	6.69597e-16	0.0135972
761	-4.09075	-4.0483	-5.44631	-31.9839	0.999014	0.000985753	1.45889e-15	0.0136554
762	-13.7744	-13.7281	-15.3519	-44.4275	0.999213	0.000786695	9.20076e-17	0.0134588
763	-5.31487	-5.27137	-6.77252	-32.0639	0.999111	0.000889232	4.57604e-15	0.0135601
764	-11.2549	-11.2111	-12.723	-38.6281	0.99912	0.000879775	2.45063e-15	0.0135507
765	-8.26575	-8.22232	-9.71875	-34.981	0.999107	0.000893431	4.73382e-15	0.0135642
766	-5.48459	-5.4399	-6.96966	-34.6118	0.999136	0.000864173	4.23814e-16	0.0135353
767	-4.65994	-4.6254	-5.61691	-27.8561	0.998521	0.00147942	1.61105e-13	0.0141428
768	-4.72264	-4.67834	-6.17487	-33.8363	0.999107	0.00089334	4.29756e-16	0.0135641
769	-11.1189	-11.0751	-12.6113	-37.4785	0.999141	0.000858646	6.75342e-15	0.0135299
770	-4.72264	-4.67834	-6.17487	-33.8363	0.999107	0.00089334	4.29756e-16	0.0135641
771	-9.43061	-9.39333	-10.6213	-31.8937	0.998832	0.00116825	3.34533e-13	0.0138355
772	-4.70225	-4.66894	-5.61523	-26.4002	0.998452	0.00154775	7.21627e-13	0.0142102
773	-9.26022	-9.21886	-10.6258	-35.1832	0.999023	0.000976954	1.04747e-14	0.0136467
774	-4.71854	-4.67489	-6.13458	-33.3893	0.999073	0.00092684	6.69597e-16	0.0135972
775	-4.56316	-4.51656	-6.13571	-35.8112	0.99921	0.000790337	5.07359e-17	0.0134624
776	-4.62492	-4.57567	-6.38065	-36.3659	0.999344	0.000656397	3.09117e-17	0.0133302
777	-4.70225	-4.66894	-5.61523	-26.4002	0.998452	0.00154775	7.21627e-13	0.0142102
778	-4.62313	-4.58306	-5.84602	-31.347	0.998872	0.00112812	4.70766e-15	0.0137959
779	-4.09075	-4.0483	-5.44631	-31.9839	0.999014	0.000985753	1.45889e-15	0.0136554
780	-4.9644	-4.92141	-6.34345	-33.7272	0.999038	0.000962369	6.11126e-16	0.0136323
781	-7.4482	-7.4061	-8.80413	-34.6834	0.999014	0.000985719	2.81774e-15	0.0136553
782	-9.11258	-9.06956	-10.5383	-35.5036	0.999082	0.000918462	6.54921e-15	0.0135889
783	-21.6947	-21.6512	-23.1028	-50.1598	0.999066	0.000934341	8.22675e-16	0.0136046
784	-3.58325	-3.54085	-4.93898	-31.2811	0.999014	0.000985627	1.77366e-15	0.0136552
785	-5.2138	-5.17361	-6.47905	-30.177	0.998919	0.00108126	2.738e-14	0.0137497
786	-4.59232	-4.54857	-5.99767	-33.8502	0.999063	0.000936693	3.72218e-16	0.0136069
787	-11.4629	-11.4295	-12.3758	-33.16	0.998452	0.00154775	7.22162e-13	0.0142102
788	-4.8676	-4.82414	-6.32524	-31.5232	0.999111	0.000889267	5.02424e-15	0.0135601
789	-12.8129	-12.773	-14.0897	-36.1629	0.998931	0.00106912	1.37456e-13	0.0137377
790	-11.1025	-11.0693	-12.0157	-32.722	0.998452	0.00154761	7.8057e-13	0.0142101
791	-3.58325	-3.54085	-4.93898	-31.2811	0.999014	0.000985627	1.77366e-15	0.0136552
792	-4.216	-4.17296	-5.5902	-32.8268	0.999033	0.000966991	7.11405e-16	0.0136368
793	-3.84425	-3.80485	-5.02076	-30.542	0.998818	0.00118241	4.83534e-15	0.0138495
794	-5.9495	-5.91279	-7.10594	-27.0482	0.99879	0.00120959	1.30983e-12	0.0138764
795	-7.38461	-7.34249	-8.7498	-34.0556	0.999023	0.000976628	4.95399e-15	0.0136464
796	-10.6329	-10.5905	-12.046	-35.5988	0.999069	0.00093072	2.72506e-14	0.013601
797	-9.36594	-9.31993	-10.8958	-40.6303	0.999175	0.000825257	4.99409e-17	0.0134969
798	-5.48239	-5.43838	-6.92921	-34.1637	0.999102	0.000898449	6.62354e-16	0.0135692
799	-5.25145	-5.20533	-6.79065	-36.4741	0.999182	0.000817512	5.20632e-17	0.0134893
800	-4.87283	-4.82595	-6.43886	-36.9077	0.999205	0.00079528	2.30914e-17	0.0134673
801	-4.8682	-4.82536	-6.2897	-31.1206	0.999077	0.000922542	7.52439e-15	0.013593
802	-4.56316	-4.51656	-6.13571	-35.8112	0.99921	0.000790337	5.07359e-17	0.0134624
803	-12.3574	-12.3176	-13.6225	-36.3963	0.998918	0.00108183	6.90257e-14	0.0137502
804	-14.9515	-14.9183	-15.8642	-36.149	0.998452	0.00154834	1.19036e-12	0.0142108
805	-3.84425	-3.80485	-5.02076	-30.542	0.998818	0.00118241	4.83534e-15	0.0138495
806	-8.40554	-8.35869	-10.0136	-39.4636	0.999237	0.000762569	6.13356e-17	0.013435
807	-3.84425	-3.80485	-5.02076	-30.542	0.998818	0.00118241	4.83534e-15	0.0138495
808	-5.58001	-5.53295	-7.19698	-36.3982	0.999244	0.000755676	7.79498e-17	0.0134282
809	-19.501	-19.4605	-20.8444	-43.5076	0.999	0.000999666	7.12477e-14	0.0136691
810	-4.87606	-4.83222	-6.34686	-32.5362	0.999123	0.000877322	1.8394e-15	0.0135483
811	-5.2138	-5.17361	-6.47905	-30.177	0.998919	0.00108126	2.738e-14	0.0137497
812	-4.96077	-4.91842	-6.30519	-33.2883	0.999003	0.000996883	9.44999e-16	0.0136664
813	-11.3667	-11.3216	-12.9014	-39.4529	0.999178	0.000821999	1.1997e-15	0.0134937
814	-7.28561	-7.24568	-8.50468	-33.1212	0.998867	0.0011326	1.1446e-14	0.0138004
815	-8.80596	-8.75907	-10.4138	-40.0374	0.999237	0.000762766	5.15687e-17	0.0134352
816	-11.4649	-11.4261	-12.6418	-36.4785	0.998817	0.00118272	2.60679e-14	0.0138498
817	-4.70225	-4.66894	-5.61523	-26.4002	0.998452	0.00154775	7.21627e-13	0.0142102
818	-6.66064	-6.61842	-8.01615	-33.55	0.999014	0.000986019	3.98184e-15	0.0136556
819	-3.84425	-3.80485	-5.02076	-30.542	0.998818	0.00118241	4.83534e-15	0.0138495
820	-4.13956	-4.10353	-5.17571	-27.5335	0.998635	0.00136491	1.3202e-13	0.0140297
821	-4.13956	-4.10353	-5.17571	-27.5335	0.998635	0.00136491	1.3202e-13	0.0140297
822	-10.3933	-10.3634	-11.3056	-28.8536	0.998446	0.00155405	1.84433e-11	0.0142165
823	-8.35999	-8.31636	-9.777	-36.8646	0.999074	0.000925953	7.90656e-16	0.0135963
824	-4.62492	-4.57567	-6.38065	-36.3659	0.999344	0.000656397	3.09117e-17	0.0133302
825	-4.59767	-4.55331	-6.03735	-34.2879	0.999095	0.000904558	2.41414e-16	0.0135752
826	-5.58001	-5.53295	-7.19698	-36.3982	0.999244	0.000755676	7.79498e-17	0.0134282
827	-14.5489	-14.5037	-16.0574	-44.5185	0.999156	0.000843745	1.82441e-16	0.0135152
828	-4.35007	-4.30708	-5.73932	-32.1047	0.999047	0.000952602	1.67482e-15	0.0136226
829	-8.20705	-8.15805	-9.97463	-39.4645	0.999351	0.000648832	5.01471e-17	0.0133227
830	-8.92319	-8.87656	-10.4879	-40.4596	0.999203	0.000796529	3.80218e-17	0.0134685
831	-4.1157	-4.06914	-5.6885	-35.1512	0.99921	0.000790171	6.27501e-17	0.0134623
832	-5.68117	-5.63666	-7.18252	-33.4501	0.99915	0.000850378	1.6487e-15	0.0135217
833	-11.7492	-11.7069	-13.1216	-37.9747	0.999031	0.000969487	7.7332e-15	0.0136393
834	-6.90542	-6.86321	-8.27689	-33.6666	0.99903	0.000970434	4.5262e-15	0.0136402
835	-4.09075	-4.0483	-5.44631	-31.9839	0.999014	0.000985753	1.45889e-15	0.0136554
836	-7.38461	-7.34249	-8.7498	-34.0556	0.999023	0.000976628	4.95399e-15	0.0136464
837	-7.98994	-7.94735	-9.37351	-35.1383	0.999042	0.000958407	3.07214e-15	0.0136284
838	-4.1157	-4.06914	-5.6885	-35.1512	0.99921	0.000790171	6.27501e-17	0.0134623
839	-4.84593	-4.8029	-6.23497	-32.7914	0.999047	0.000952767	1.38376e-15	0.0136228
840	-6.62224	-6.57582	-8.19508	-36.9045	0.99921	0.000790245	1.33295e-16	0.0134623
841	-4.09075	-4.0483	-5.4463	-31.9838	0.999014	0.000985755	1.45899e-15	0.0136554
842	-9.29195	-9.24966	-10.6513	-36.9215	0.999018	0.000982222	1.89915e-15	0.0136519
843	-4.35007	-4.30708	-5.73932	-32.1046	0.999047	0.000952604	1.67493e-15	0.0136226
844	-7.72793	-7.68582	-9.08701	-34.7029	0.999017	0.000982616	3.6554e-15	0.0136523
845	-9.30421	-9.26194	-10.6612	-37.067	0.999015	0.000984533	1.66227e-15	0.0136542
846	-10.5207	-10.4742	-12.0936	-41.5001	0.99921	0.000790172	6.63776e-17	0.0134623
847	-4.09075	-4.0483	-5.4463	-31.9838	0.999014	0.000985755	1.45899e-15	0.0136554
848	-4.1157	-4.06914	-5.6885	-35.1511	0.99921	0.000790172	6.27547e-17	0.0134623
849	-11.7585	-11.7162	-13.1379	-38.253	0.999037	0.000962715	5.90944e-15	0.0136326
850	-4.09075	-4.0483	-5.4463	-31.9838	0.999014	0.000985755	1.45899e-15	0.0136554
851	-4.35007	-4.30708	-5.73932	-32.1046	0.999047	0.000952604	1.67493e-15	0.0136226
852	-4.86819	-4.82536	-6.2897	-31.1205	0.999077	0.000922544	7.52491e-15	0.013593
853	-12.842	-12.7982	-14.3341	-39.3442	0.999141	0.000858876	5.85576e-15	0.0135301
854	-18.4848	-18.4428	-19.8985	-43.1797	0.999069	0.000930559	3.57447e-14	0.0136009
855	-9.13444	-9.0881	-10.7081	-40.0003	0.99921	0.000789693	7.437e-17	0.0134618
856	-3.80015	-3.75135	-5.46796	-38.0968	0.999283	0.000716999	2.40094e-18	0.01339
857	-5.22028	-5.18153	-6.39665	-30.293	0.998817	0.00118333	2.45727e-14	0.0138504
858	-5.21379	-5.17361	-6.47904	-30.1769	0.998919	0.00108126	2.73816e-14	0.0137497
859	-4.62545	-4.57555	-6.42376	-36.7816	0.999371	0.000628641	2.03954e-17	0.0133028
860	-4.13956	-4.10353	-5.17571	-27.5334	0.998635	0.00136491	1.32027e-13	0.0140297
861	-5.22028	-5.18153	-6.39665	-30.293	0.998817	0.00118333	2.45727e-14	0.0138504
862	-10.699	-10.6596	-11.8756	-37.3856	0.998818	0.00118232	4.88973e-15	0.0138494
863	-4.8676	-4.82413	-6.32524	-31.5232	0.999111	0.000889269	5.0246e-15	0.0135601
864	-10.0271	-9.9847	-11.3975	-37.1343	0.999029	0.000971332	3.20175e-15	0.0136411
865	-4.70225	-4.66894	-5.61523	-26.4001	0.998452	0.00154775	7.21657e-13	0.0142102
866	-4.62313	-4.58306	-5.84602	-31.347	0.998872	0.00112812	4.70793e-15	0.0137959
867	-4.58849	-4.5452	-6.00481	-33.5907	0.999073	0.000926907	4.80864e-16	0.0135973
868	-4.85263	-4.81083	-6.25096	-30.4524	0.999055	0.000945133	1.44656e-14	0.0136153
869	-4.71123	-4.66801	-6.13988	-33.139	0.999084	0.000915633	8.54168e-16	0.0135861
870	-9.11572	-9.07326	-10.5121	-36.099	0.999054	0.000946346	3.62412e-15	0.0136165
871	-4.85227	-4.80987	-6.28614	-30.8409	0.999088	0.000911606	9.79898e-15	0.0135822
872	-3.79859	-3.75099	-5.43937	-37.2935	0.999262	0.000737506	5.35876e-18	0.0134103
873	-7.31133	-7.27236	-8.51072	-32.5877	0.998844	0.00115618	2.00415e-14	0.0138236
874	-9.96998	-9.92908	-11.3038	-35.6625	0.998991	0.00100895	1.31949e-14	0.0136783
875	-7.12113	-7.08004	-8.45502	-33.5985	0.998991	0.00100868	6.01799e-15	0.013678
876	-4.58849	-4.5452	-6.00481	-33.5907	0.999073	0.000926907	4.80864e-16	0.0135973
877	-4.95255	-4.9106	-6.30919	-33.0625	0.999015	0.000985175	1.17513e-15	0.0136548
878	-5.19938	-5.16017	-6.44406	-29.5695	0.998895	0.00110478	4.959e-14	0.0137729
879	-3.57347	-3.53209	-4.90717	-30.6308	0.998991	0.00100859	3.36876e-15	0.0136779
880	-3.79859	-3.75099	-5.43937	-37.2935	0.999262	0.000737506	5.35876e-18	0.0134103
881	-5.19938	-5.16017	-6.44406	-29.5695	0.998895	0.00110478	4.959e-14	0.0137729
882	-10.0746	-10.0433	-10.9745	-29.8544	0.998429	0.00157121	4.92257e-12	0.0142334
883	-9.47831	-9.44853	-10.2997	-27.7932	0.998298	0.00170188	2.13303e-11	0.0143624
884	-5.2999	-5.25807	-6.69823	-30.9938	0.999055	0.000945097	1.31655e-14	0.0136152
885	-4.8649	-4.81917	-6.40554	-36.1484	0.999183	0.000816645	4.90068e-17	0.0134884
886	-4.94874	-4.90741	-6.27132	-32.6382	0.99898	0.00101991	1.79036e-15	0.0136891
887	-10.4524	-10.4046	-12.1852	-40.4967	0.999327	0.000672612	1.68898e-16	0.0133462
888	-4.84466	-4.81059	-5.77973	-27.5814	0.998487	0.00151284	2.55174e-13	0.0141758
908	-4.70225	-4.66894	-5.61523	-26.4001	0.998452	0.00154775	7.21657e-13	0.0142102
909	-5.61608	-5.57547	-6.87582	-32.1843	0.998913	0.00108676	5.49761e-15	0.0137551
910	-13.7125	-13.6686	-15.1821	-41.2872	0.999122	0.000878366	2.0034e-15	0.0135493
911	-4.62313	-4.58306	-5.84602	-31.347	0.998872	0.00112812	4.70793e-15	0.0137959
912	-7.44819	-7.4061	-8.80413	-34.6834	0.999014	0.000985721	2.81792e-15	0.0136553
913	-5.40872	-5.36493	-6.90225	-31.8468	0.999142	0.00085767	6.24355e-15	0.0135289
914	-9.52904	-9.4891	-10.809	-33.4401	0.998934	0.00106578	7.8432e-14	0.0137344
915	-4.71854	-4.67489	-6.13458	-33.3892	0.999073	0.000926842	6.69641e-16	0.0135972
916	-5.22487	-5.18442	-6.49878	-31.0421	0.998928	0.00107166	1.16528e-14	0.0137402
917	-4.97779	-4.93573	-6.29316	-33.3926	0.998973	0.00102653	8.66217e-16	0.0136956
918	-4.8676	-4.82413	-6.32524	-31.5232	0.999111	0.000889269	5.0246e-15	0.0135601
919	-10.3115	-10.2722	-11.4895	-36.8682	0.998819	0.00118069	5.56799e-15	0.0138478
920	-5.40872	-5.36493	-6.90225	-31.8468	0.999142	0.00085767	6.24355e-15	0.0135289
921	-10.8266	-10.794	-11.7404	-31.6646	0.998452	0.00154758	1.70639e-12	0.0142101
922	-5.21379	-5.17361	-6.47904	-30.1769	0.998919	0.00108126	2.73816e-14	0.0137497
923	-11.5103	-11.4771	-12.4234	-33.1601	0.998452	0.00154776	7.57253e-13	0.0142103
924	-11.7554	-11.7128	-13.1726	-36.7961	0.999073	0.000926761	2.52819e-14	0.0135971
925	-18.0815	-18.0413	-19.2201	-43.3376	0.998773	0.001227	2.04232e-14	0.0138936
926	-4.59232	-4.54857	-5.99767	-33.8501	0.999063	0.000936694	3.72242e-16	0.0136069
927	-9.14605	-9.10099	-10.6806	-37.2247	0.999178	0.000822153	1.20887e-15	0.0134938
928	-4.216	-4.17296	-5.59019	-32.8267	0.999033	0.000966993	7.1145e-16	0.0136368
929	-17.4802	-17.4439	-18.6463	-37.8326	0.998802	0.00119847	2.76392e-12	0.0138654
930	-10.5371	-10.4902	-12.142	-41.5109	0.999235	0.000764957	6.67231e-17	0.0134374
931	-9.32565	-9.28329	-10.7384	-34.341	0.999069	0.000931123	2.59354e-14	0.0136014
932	-12.7278	-12.6974	-13.5499	-31.3426	0.9983	0.00169975	1.57936e-11	0.0143603
933	-8.62914	-8.58543	-10.0563	-36.9819	0.999083	0.000916567	9.20205e-16	0.0135871
934	-8.26995	-8.22364	-9.84281	-38.8433	0.99921	0.000790317	9.96372e-17	0.0134624
935	-4.59232	-4.54857	-5.99767	-33.8501	0.999063	0.000936694	3.72242e-16	0.0136069
936	-4.70225	-4.66894	-5.61523	-26.4001	0.998452	0.00154775	7.21657e-13	0.0142102
937	-7.84894	-7.80208	-9.45622	-38.6846	0.999237	0.00076318	7.66107e-17	0.0134356
938	-5.31546	-5.27259	-6.73696	-31.6623	0.999077	0.000922509	6.84569e-15	0.0135929
939	-5.46302	-5.42967	-6.37678	-27.1277	0.998454	0.00154648	7.45939e-13	0.014209
940	-7.87319	-7.82781	-9.37792	-37.872	0.999153	0.000846772	1.77146e-16	0.0135182
941	-8.61341	-8.57074	-10.0011	-35.8901	0.999046	0.0009544	2.70182e-15	0.0136244
942	-4.86703	-4.82078	-6.39655	-36.4602	0.999175	0.000825347	3.59359e-17	0.013497
943	-5.68128	-5.6361	-7.22175	-33.8784	0.999183	0.000817235	1.0738e-15	0.013489
944	-7.00447	-6.95471	-8.79636	-38.6394	0.999367	0.000632771	3.43533e-17	0.0133069
945	-4.11778	-4.07063	-5.72653	-35.5435	0.999238	0.000761844	4.24542e-17	0.0134343
946	-4.8676	-4.82413	-6.32524	-31.5232	0.999111	0.000889269	5.0246e-15	0.0135601
947	-4.11778	-4.07063	-5.72653	-35.5435	0.999238	0.000761844	4.24542e-17	0.0134343
948	-9.83961	-9.79724	-11.2531	-34.8253	0.99907	0.000930398	2.67161e-14	0.0136007
949	-4.35007	-4.30708	-5.73932	-32.1046	0.999047	0.000952604	1.67493e-15	0.0136226
950	-4.216	-4.17296	-5.59019	-32.8267	0.999033	0.000966993	7.1145e-16	0.0136368
951	-9.11672	-9.0721	-10.624	-36.9583	0.999155	0.000845295	1.53301e-15	0.0135167
952	-8.96682	-8.92298	-10.4371	-36.6159	0.999122	0.000877751	1.8599e-15	0.0135487
953	-15.7615	-17.4713	-14.722	-40.9609	0.941241	0.0587591	1.17234e-13	0.070696
954	-9.09527	-9.05072	-10.6017	-36.8586	0.999154	0.000846043	1.65788e-15	0.0135174
955	-8.16921	-8.12505	-9.5911	-37.4312	0.999079	0.000920963	3.70554e-16	0.0135914
956	-4.87283	-4.82595	-6.43886	-36.9077	0.999205	0.000795281	2.30931e-17	0.0134673
957	-7.19203	-7.14918	-8.61649	-33.466	0.99908	0.000919806	7.36318e-15	0.0135903
958	-3.80015	-3.75135	-5.46796	-38.0968	0.999283	0.000716999	2.40094e-18	0.01339
959	-8.78796	-8.74562	-10.1332	-36.9158	0.999004	0.000996059	1.15384e-15	0.0136655
960	-3.80015	-3.75135	-5.46796	-38.0968	0.999283	0.000716999	2.40094e-18	0.01339
963	-6.76358	-6.72448	-7.94009	-32.0894	0.998817	0.00118275	1.90703e-14	0.0138499
964	-4.96077	-4.91842	-6.30518	-33.2882	0.999003	0.000996885	9.45058e-16	0.0136664
965	-5.25145	-5.20533	-6.79064	-36.474	0.999182	0.000817514	5.20669e-17	0.0134893
966	-4.9644	-4.92141	-6.34344	-33.7271	0.999038	0.000962371	6.11165e-16	0.0136323
967	-5.31546	-5.27259	-6.73696	-31.6623	0.999077	0.000922509	6.84569e-15	0.0135929
968	-8.17318	-8.12637	-9.77561	-39.0604	0.999233	0.000766926	7.27644e-17	0.0134393
969	-4.56526	-4.51806	-6.17374	-36.1994	0.999238	0.000762005	3.44631e-17	0.0134345
970	-13.3214	-14.7876	-11.8838	-33.3008	0.932095	0.067905	1.68273e-11	0.079726
971	-5.48459	-5.4399	-6.96966	-34.6117	0.999136	0.000864175	4.23844e-16	0.0135353
972	-4.70225	-4.66894	-5.61523	-26.4001	0.998452	0.00154775	7.21657e-13	0.0142102
973	-8.90692	-8.86382	-10.3511	-34.3254	0.999098	0.000901663	1.73178e-14	0.0135723
974	-14.6817	-14.6416	-15.9451	-38.6896	0.998917	0.00108341	7.11787e-14	0.0137518
975	-3.80015	-3.75135	-5.46796	-38.0968	0.999283	0.000716999	2.40094e-18	0.01339
976	-7.55798	-7.52622	-8.47181	-26.7781	0.998451	0.00154884	8.61119e-12	0.0142113
977	-7.9499	-7.90594	-9.39947	-36.196	0.999104	0.000896025	1.0236e-15	0.0135668
978	-4.13956	-4.10353	-5.17571	-27.5334	0.998635	0.00136491	1.32027e-13	0.0140297
979	-12.9598	-12.9286	-13.8726	-31.4609	0.998449	0.00155131	1.76849e-11	0.0142138
980	-10.1154	-10.0723	-11.5482	-35.4043	0.999088	0.000911905	1.97151e-14	0.0135825
981	-12.7383	-12.7025	-13.8165	-34.4043	0.998691	0.00130907	7.43349e-13	0.0139746
982	-7.17422	-7.13042	-8.64272	-34.5501	0.999121	0.000879386	2.44421e-15	0.0135504
983	-8.79666	-8.74709	-10.5942	-40.5445	0.999371	0.000629342	3.06914e-17	0.0133035
984	-10.3061	-10.2633	-11.7329	-36.6606	0.999082	0.000917665	6.79355e-15	0.0135881
985	-4.09075	-4.0483	-5.4463	-31.9838	0.999014	0.000985755	1.45899e-15	0.0136554
986	-4.1157	-4.06914	-5.6885	-35.1511	0.99921	0.000790172	6.27547e-17	0.0134623
987	-11.7661	-11.7233	-13.2102	-37.1295	0.999098	0.000902047	1.83058e-14	0.0135727
988	-4.56316	-4.51656	-6.1357	-35.8111	0.99921	0.000790339	5.07396e-17	0.0134624
989	-7.07032	-7.02387	-8.64292	-37.4931	0.99921	0.000790413	1.15822e-16	0.0134625
990	-9.16788	-9.12487	-10.547	-36.0405	0.999038	0.000962233	4.04584e-15	0.0136321
991	-4.86703	-4.82078	-6.39655	-36.4602	0.999175	0.000825347	3.59359e-17	0.013497
992	-3.80015	-3.75135	-5.46796	-38.0968	0.999283	0.000716999	2.40094e-18	0.01339
993	-3.84425	-3.80485	-5.02076	-30.5419	0.998818	0.00118241	4.8356e-15	0.0138495
994	-5.48239	-5.43838	-6.9292	-34.1636	0.999102	0.000898451	6.62399e-16	0.0135692
995	-8.74973	-8.71615	-9.68127	-30.8443	0.998481	0.00151893	4.85205e-13	0.0141818
996	-7.6684	-7.62834	-8.93334	-31.9331	0.998918	0.00108173	5.50626e-14	0.0137501
997	-4.13956	-4.10353	-5.17571	-27.5334	0.998635	0.00136491	1.32027e-13	0.0140297
998	-7.58325	-7.54096	-8.9301	-35.2981	0.999005	0.000994525	1.744e-15	0.013664
999	-11.2342	-11.2009	-12.1472	-32.9306	0.998452	0.00154773	7.22758e-13	0.0142102
1000	-5.66117	-5.62087	-6.92631	-30.938	0.998919	0.00108125	2.00062e-14	0.0137497
1001	-4.62545	-4.57555	-6.42376	-36.7816	0.999371	0.000628641	2.03954e-17	0.0133028
1002	-5.48117	-5.44798	-6.39454	-26.7848	0.998453	0.00154734	1.07052e-12	0.0142098
1003	-13.4219	-13.3819	-14.6408	-39.2536	0.998867	0.00113272	1.14905e-14	0.0138005
1004	-7.95636	-7.91425	-9.31216	-35.329	0.999014	0.000985847	2.45593e-15	0.0136555
1005	-14.9315	-14.8889	-16.2843	-43.2931	0.999012	0.000988274	9.13084e-16	0.0136579
1006	-11.5134	-11.4715	-12.8227	-37.3547	0.998967	0.0010329	1.13587e-14	0.0137019
1007	-13.3777	-15.0026	-12.1316	-36.3851	0.93414	0.0658597	9.56913e-13	0.0777066
1008	-8.9391	-8.89622	-10.3614	-35.3165	0.999078	0.000921789	6.63999e-15	0.0135922
1009	-8.35999	-8.31635	-9.777	-36.8645	0.999074	0.000925954	7.90707e-16	0.0135963
1010	-10.5125	-10.4663	-12.0923	-39.8477	0.999215	0.000784906	3.43722e-16	0.0134571
1011	-5.41135	-5.36819	-6.86795	-31.4555	0.99911	0.000890468	9.26335e-15	0.0135613
1012	-4.87846	-4.83526	-6.31163	-32.1553	0.999088	0.00091152	2.70008e-15	0.0135821
1013	-7.0144	-6.96527	-8.77008	-38.245	0.999343	0.000656506	5.1505e-17	0.0133303
1014	-11.0204	-10.9745	-12.5574	-42.0779	0.999181	0.000819481	6.14286e-17	0.0134912
1015	-4.1157	-4.06914	-5.6885	-35.1511	0.99921	0.000790172	6.27547e-17	0.0134623
1016	-5.22487	-5.18442	-6.49878	-31.0421	0.998928	0.00107166	1.16528e-14	0.0137402
1017	-4.13956	-4.10353	-5.17571	-27.5334	0.998635	0.00136491	1.32027e-13	0.0140297
1018	-4.72264	-4.67834	-6.17487	-33.8362	0.999107	0.000893342	4.29785e-16	0.0135641
1019	-3.80015	-3.75135	-5.46796	-38.0968	0.999283	0.000716999	2.40094e-18	0.01339
1020	-10.5466	-10.5007	-12.0843	-41.5815	0.999181	0.000818884	6.2831e-17	0.0134906
1021	-13.1571	-13.1211	-14.2123	-36.0028	0.998661	0.00133925	2.28435e-13	0.0140044
1022	-3.84425	-3.80485	-5.02076	-30.5419	0.998818	0.00118241	4.8356e-15	0.0138495
1023	-28.152	-28.109	-29.5937	-54.6426	0.999096	0.000903925	5.92851e-15	0.0135746
1024	-3.84425	-3.80485	-5.02076	-30.5419	0.998818	0.00118241	4.8356e-15	0.0138495
1025	-4.8676	-4.82413	-6.32524	-31.5232	0.999111	0.000889269	5.0246e-15	0.0135601
1026	-9.1458	-9.10605	-10.3629	-35.6107	0.998865	0.00113497	6.10123e-15	0.0138027
1027	-4.70225	-4.66894	-5.61523	-26.4001	0.998452	0.00154775	7.21657e-13	0.0142102
1028	-17.432	-17.389	-18.8135	-44.034	0.99904	0.000959963	5.30324e-15	0.0136299
1029	-5.31487	-5.27137	-6.77252	-32.0638	0.999111	0.000889234	4.57637e-15	0.0135601
1030	-3.84425	-3.80485	-5.02076	-30.5419	0.998818	0.00118241	4.8356e-15	0.0138495
1031	-16.5134	-16.4693	-17.9597	-45.1818	0.999101	0.000898887	6.7095e-16	0.0135696
1032	-4.21064	-4.16823	-5.55051	-32.3748	0.998999	0.00100135	1.11261e-15	0.0136708
1033	-9.26693	-9.22184	-10.7952	-37.3774	0.999173	0.000827341	1.17106e-15	0.013499
1034	-8.98069	-8.93468	-10.5106	-40.1204	0.999175	0.000825232	5.65678e-17	0.0134969
1035	-4.70225	-4.66894	-5.61523	-26.4001	0.998452	0.00154775	7.21657e-13	0.0142102
1036	-4.11778	-4.07063	-5.72653	-35.5435	0.999238	0.000761844	4.24542e-17	0.0134343
1037	-4.216	-4.17296	-5.59019	-32.8267	0.999033	0.000966993	7.1145e-16	0.0136368
1038	-10.1788	-10.1531	-11.0051	-25.7272	0.998299	0.00170054	3.40597e-10	0.0143611
1039	-7.07032	-7.02387	-8.64292	-37.4931	0.99921	0.000790413	1.15822e-16	0.0134625
1052	-8.66319	-8.62048	-10.0522	-36.7317	0.999047	0.000953071	1.22393e-15	0.0136231
1053	-4.58264	-4.53973	-5.98288	-33.144	0.999058	0.000942284	7.47563e-16	0.0136125
1054	-8.25135	-8.22086	-9.13934	-26.6312	0.998409	0.00159133	1.99768e-11	0.0142533
1055	-13.6137	-13.5744	-14.9109	-38.0512	0.998952	0.00104818	4.63614e-14	0.013717
1056	-4.82983	-4.78821	-6.18077	-31.6995	0.999009	0.000991134	4.06327e-15	0.0136607
1057	-5.92479	-5.88928	-7.04936	-26.1834	0.99875	0.0012502	3.03779e-12	0.0139165
1058	-4.60579	-4.55814	-6.31324	-35.0177	0.99931	0.00068994	1.16958e-16	0.0133633
1059	-4.85625	-4.81384	-6.28655	-31.4279	0.999085	0.000914858	5.47002e-15	0.0135854
1060	-4.56126	-4.52315	-5.707	-30.2322	0.998779	0.00122087	1.35181e-14	0.0138875
1061	-7.6155	-7.58278	-8.5206	-28.7436	0.998439	0.0015609	1.27646e-12	0.0142232
1062	-4.85625	-4.81384	-6.28655	-31.4279	0.999085	0.000914858	5.47002e-15	0.0135854
1063	-4.6039	-4.56516	-5.79332	-30.3702	0.998832	0.00116803	1.22811e-14	0.0138353
1064	-4.67497	-4.64277	-5.563	-25.6469	0.998411	0.00158855	1.49296e-12	0.0142505
1065	-9.68304	-9.645	-10.8887	-33.246	0.99885	0.00115003	1.11286e-13	0.0138176
1066	-4.84231	-4.80027	-6.25984	-30.4147	0.999073	0.000926948	1.48639e-14	0.0135973
1067	-4.84249	-4.80106	-6.22489	-30.0338	0.999039	0.000960642	2.17714e-14	0.0136306
1068	-3.79794	-3.75074	-5.42009	-36.7727	0.999248	0.00075167	9.01928e-18	0.0134243
1069	-4.12188	-4.08704	-5.12968	-26.6956	0.998594	0.00140578	3.0017e-13	0.0140701
1070	-5.38271	-5.34096	-6.79917	-30.3613	0.999072	0.000928204	2.69232e-14	0.0135985
1071	-5.81356	-5.78426	-6.61271	-23.777	0.998259	0.00174099	3.03258e-11	0.014401
1072	-3.79794	-3.75074	-5.42009	-36.7727	0.999248	0.00075167	9.01928e-18	0.0134243
1073	-8.81834	-8.78797	-9.71447	-26.514	0.998421	0.00157864	3.96033e-11	0.0142407
1074	-7.0021	-6.96053	-8.33562	-34.1653	0.998991	0.00100858	3.02983e-15	0.0136779
1075	-21.5434	-21.5054	-22.7909	-42.429	0.998897	0.00110304	1.61902e-12	0.0137712
1076	-15.7196	-15.6747	-17.2415	-45.9435	0.999167	0.000832729	1.4151e-16	0.0135043
1077	-4.10098	-4.05538	-5.66557	-34.2864	0.999203	0.000797436	1.46967e-16	0.0134694
1078	-7.36856	-7.32784	-8.69658	-32.9902	0.998985	0.001015	1.41662e-14	0.0136842
1079	-12.6633	-12.6228	-13.9823	-38.6097	0.998976	0.00102437	1.02399e-14	0.0136935
1080	-4.67497	-4.64277	-5.563	-25.6469	0.998411	0.00158855	1.49296e-12	0.0142505
1081	-5.20114	-5.16202	-6.44009	-30.0445	0.998889	0.00111122	3.0897e-14	0.0137792
1082	-5.72668	-5.6857	-7.10221	-29.6666	0.999032	0.00096769	7.6124e-14	0.0136375
1083	-4.82136	-4.78842	-5.73089	-26.8076	0.998446	0.00155367	5.41059e-13	0.0142161
1084	-14.6267	-14.5856	-16.0117	-38.2416	0.999041	0.000958527	1.05357e-13	0.0136285
1085	-3.82853	-3.79044	-4.97287	-29.5928	0.998777	0.00122261	1.2313e-14	0.0138892
1086	-5.65567	-5.61196	-7.15375	-32.7017	0.999146	0.000853843	3.39955e-15	0.0135251
1087	-4.19353	-4.15253	-5.49672	-31.3091	0.99896	0.00104019	3.17934e-15	0.0137091
1088	-5.46279	-5.41957	-6.90706	-33.4589	0.999099	0.000901443	1.3153e-15	0.0135721
1089	-3.82853	-3.79044	-4.97287	-29.5928	0.998777	0.00122261	1.2313e-14	0.0138892
1090	-10.5432	-10.5022	-11.851	-37.837	0.998965	0.00103547	2.6602e-15	0.0137045
1091	-4.12188	-4.08704	-5.12968	-26.6956	0.998594	0.00140578	3.0017e-13	0.0140701
1092	-5.18997	-5.15111	-6.4205	-29.1854	0.998879	0.0011209	7.21566e-14	0.0137888
1093	-3.82853	-3.79044	-4.97287	-29.5928	0.998777	0.00122261	1.2313e-14	0.0138892
1094	-4.10098	-4.05538	-5.66557	-34.2864	0.999203	0.000797436	1.46967e-16	0.0134694
1095	-7.99539	-7.95771	-9.14013	-32.6348	0.998777	0.00122262	3.79392e-14	0.0138892
1096	-6.74786	-6.71007	-7.89221	-31.1404	0.998777	0.00122297	4.85584e-14	0.0138896
1097	-10.4478	-10.4089	-11.7424	-35.1512	0.998949	0.00105143	3.55488e-14	0.0137202
1098	-4.12188	-4.08704	-5.12968	-26.6956	0.998594	0.00140578	3.0017e-13	0.0140701
1099	-11.956	-11.9144	-13.3457	-36.3157	0.999047	0.000953442	4.99978e-14	0.0136235
1100	-20.1093	-20.0688	-21.4148	-46.5205	0.998962	0.00103838	6.43369e-15	0.0137073
1101	-6.60714	-6.56632	-7.92548	-32.4323	0.998975	0.00102476	1.15571e-14	0.0136939
1102	-32.0169	-31.9767	-33.4041	-53.6247	0.999043	0.000957244	7.84767e-13	0.0136272
1103	-4.07471	-4.03366	-5.39309	-30.918	0.998976	0.00102448	4.174e-15	0.0136936
1104	-13.8356	-13.7939	-15.2306	-39.2813	0.999052	0.000948416	1.68771e-14	0.0136185
1105	-8.65156	-8.60936	-10.0189	-36.6082	0.999026	0.000974417	1.36946e-15	0.0136442
1106	-9.42881	-9.39019	-10.6594	-33.1445	0.998879	0.00112108	9.54678e-14	0.013789
1107	-8.2891	-8.25043	-9.47722	-33.7399	0.99883	0.00116963	1.68375e-14	0.0138369
1108	-4.85389	-4.80916	-6.34154	-35.2373	0.999138	0.000861918	1.20668e-16	0.0135331
1109	-4.12188	-4.08704	-5.12968	-26.6956	0.998594	0.00140578	3.0017e-13	0.0140701
1110	-19.8294	-19.7905	-21.0594	-44.0527	0.998879	0.00112136	5.74499e-14	0.0137893
1111	-4.60671	-4.55843	-6.35555	-35.4084	0.999338	0.000661564	7.91557e-17	0.0133353
1112	-5.63736	-5.59839	-6.86778	-29.9449	0.998879	0.00112089	5.28091e-14	0.0137888
1113	-5.28977	-5.2483	-6.67217	-30.5747	0.999039	0.000960606	1.98239e-14	0.0136305
1114	-9.46696	-9.4263	-10.8488	-32.2791	0.999038	0.000961967	2.35212e-13	0.0136319
1115	-10.6825	-10.6445	-11.8269	-36.4397	0.998777	0.00122261	1.24019e-14	0.0138892
1116	-7.65262	-7.6199	-8.55791	-28.7946	0.998439	0.00156059	1.25898e-12	0.0142229
1117	-11.5778	-11.5487	-12.4836	-28.4943	0.998434	0.00156555	8.64305e-11	0.0142278
1118	-12.9197	-12.8786	-14.2835	-36.47	0.999021	0.000978991	1.12373e-13	0.0136487
1119	-12.6336	-12.5863	-14.3617	-42.4711	0.999324	0.000676071	2.07804e-16	0.0133496
1120	-4.6039	-4.56516	-5.79332	-30.3702	0.998832	0.00116803	1.22811e-14	0.0138353
1121	-4.33396	-4.29238	-5.68511	-31.0128	0.999009	0.000990967	4.91804e-15	0.0136605
1122	-5.20114	-5.16202	-6.44009	-30.0445	0.998889	0.00111122	3.0897e-14	0.0137792
1123	-5.18997	-5.15111	-6.4205	-29.1854	0.998879	0.0011209	7.21566e-14	0.0137888
1124	-4.33396	-4.29238	-5.68511	-31.0128	0.999009	0.000990967	4.91804e-15	0.0136605
1125	-4.82136	-4.78842	-5.73089	-26.8076	0.998446	0.00155367	5.41059e-13	0.0142161
1126	-4.84249	-4.80106	-6.22489	-30.0338	0.999039	0.000960642	2.17714e-14	0.0136306
1127	-8.71455	-8.67255	-10.1277	-34.3602	0.999069	0.000931074	1.38145e-14	0.0136014
1128	-7.11487	-7.07415	-8.4336	-33.1832	0.998976	0.00102445	9.06259e-15	0.0136936
1129	-6.13643	-6.09561	-7.4549	-31.9011	0.998975	0.00102463	1.22771e-14	0.0136937
1130	-4.85993	-4.8146	-6.38308	-35.6585	0.999169	0.000831377	7.96215e-17	0.0135029
1131	-4.70389	-4.66105	-6.1163	-32.6965	0.999069	0.000930964	1.32033e-15	0.0136013
1132	-5.38056	-5.33819	-6.83292	-30.7318	0.999105	0.00089496	1.85375e-14	0.0135657
1133	-4.19915	-4.15753	-5.53571	-31.7368	0.998995	0.00100548	2.08345e-15	0.0136748
1134	-8.80999	-8.7685	-10.1933	-34.1439	0.99904	0.00095969	1.88762e-14	0.0136296
1135	-10.6981	-10.6563	-12.1196	-35.8629	0.999077	0.000923434	2.23476e-14	0.0135938
1136	-4.58264	-4.53973	-5.98288	-33.144	0.999058	0.000942284	7.47563e-16	0.0136125
1137	-4.67497	-4.64277	-5.563	-25.6469	0.998411	0.00158855	1.49296e-12	0.0142505
1138	-4.33396	-4.29238	-5.68511	-31.0128	0.999009	0.000990967	4.91804e-15	0.0136605
1139	-4.94488	-4.90331	-6.28611	-32.6441	0.998999	0.00100084	1.77261e-15	0.0136703
1140	-4.85993	-4.8146	-6.38308	-35.6585	0.999169	0.000831377	7.96215e-17	0.0135029
1141	-7.76963	-7.72816	-9.0888	-34.9302	0.998977	0.00102324	3.03789e-15	0.0136924
1142	-4.57702	-4.53472	-5.9439	-32.7305	0.999025	0.000974812	1.12469e-15	0.0136446
1172	-4.68524	-4.64431	-6.05956	-31.5409	0.999031	0.000968914	4.12343e-15	0.0136387
1173	-7.71039	-7.67321	-8.88137	-31.0023	0.998808	0.0011916	1.46052e-13	0.0138586
1174	-4.05871	-4.01947	-5.34154	-29.8397	0.998937	0.00106344	1.20978e-14	0.0137321
1175	-4.52886	-4.48581	-6.01702	-33.3297	0.999137	0.000862924	5.88299e-16	0.0135341
1176	-7.56078	-7.52088	-8.94221	-31.513	0.999037	0.000963048	7.52764e-14	0.013633
1177	-7.82175	-7.77852	-9.32484	-36.1404	0.99915	0.000849987	9.52647e-16	0.0135213
1178	-4.83652	-4.796	-6.22805	-30.2842	0.999047	0.000952785	1.68621e-14	0.0136228
1179	-9.35867	-9.31559	-10.8656	-36.725	0.999153	0.000846883	2.46937e-15	0.0135183
1180	-14.7658	-16.3384	-13.3473	-34.9308	0.92635	0.0736498	1.54501e-11	0.0853979
